This is pdfTeX, Version 3.141592653-2.6-1.40.27 (TeX Live 2025) (preloaded format=pdflatex 2025.11.22)  29 APR 2026 14:18
entering extended mode
 restricted \write18 enabled.
 file:line:error style messages enabled.
 %&-line parsing enabled.
**/Users/santiagomartinez/Documents/caen/ml-collective-effects/reports/midterm/src/main.tex
(/Users/santiagomartinez/Documents/caen/ml-collective-effects/reports/midterm/src/main.tex
LaTeX2e <2024-11-01> patch level 2
L3 programming layer <2025-01-18>
(/usr/local/texlive/2025/texmf-dist/tex/latex/base/article.cls
Document Class: article 2024/06/29 v1.4n Standard LaTeX document class
(/usr/local/texlive/2025/texmf-dist/tex/latex/base/size11.clo
File: size11.clo 2024/06/29 v1.4n Standard LaTeX file (size option)
)
\c@part=\count196
\c@section=\count197
\c@subsection=\count198
\c@subsubsection=\count199
\c@paragraph=\count266
\c@subparagraph=\count267
\c@figure=\count268
\c@table=\count269
\abovecaptionskip=\skip49
\belowcaptionskip=\skip50
\bibindent=\dimen141
) (./preamble.tex (/usr/local/texlive/2025/texmf-dist/tex/latex/base/inputenc.sty
Package: inputenc 2024/02/08 v1.3d Input encoding file
\inpenc@prehook=\toks17
\inpenc@posthook=\toks18
) (/usr/local/texlive/2025/texmf-dist/tex/generic/babel/babel.sty
Package: babel 2025/02/14 v25.4 The multilingual framework for pdfLaTeX, LuaLaTeX and XeLaTeX
\babel@savecnt=\count270
\U@D=\dimen142
\l@unhyphenated=\language90
 (/usr/local/texlive/2025/texmf-dist/tex/generic/babel/txtbabel.def)
\bbl@readstream=\read2
\bbl@dirlevel=\count271
 (/usr/local/texlive/2025/texmf-dist/tex/generic/babel-english/english.ldf
Language: english 2017/06/06 v3.3r English support from the babel system
Package babel Info: Hyphen rules for 'canadian' set to \l@english
(babel)             (\language0). Reported on input line 102.
Package babel Info: Hyphen rules for 'australian' set to \l@ukenglish
(babel)             (\language22). Reported on input line 105.
Package babel Info: Hyphen rules for 'newzealand' set to \l@ukenglish
(babel)             (\language22). Reported on input line 108.
)) (/usr/local/texlive/2025/texmf-dist/tex/generic/babel/locale/en/babel-english.tex
Package babel Info: Importing font and identification data for english
(babel)             from babel-en.ini. Reported on input line 11.
) (/usr/local/texlive/2025/texmf-dist/tex/latex/base/fontenc.sty
Package: fontenc 2021/04/29 v2.0v Standard LaTeX package
) (/usr/local/texlive/2025/texmf-dist/tex/latex/arydshln/arydshln.sty
Package: arydshln 2019/02/21 v1.76 
\dashlinedash=\dimen143
\dashlinegap=\dimen144
\adl@box=\box52
\adl@height=\dimen145
\adl@heightsave=\dimen146
\adl@depth=\dimen147
\adl@depthsave=\dimen148
\adl@finaldepth=\dimen149
\adl@columns=\count272
\adl@ncol=\count273
\adl@currentcolumn=\count274
\adl@currentcolumnsave=\count275
\adl@totalheight=\count276
\adl@totalheightsave=\count277
\adl@dash=\count278
\adl@gap=\count279
\adl@cla=\count280
\adl@clb=\count281
\adl@everyvbox=\toks19
\adl@LTpagetotal=\dimen150
) (/usr/local/texlive/2025/texmf-dist/tex/latex/enumitem/enumitem.sty
Package: enumitem 2025/02/06 v3.11 Customized lists
\enitkv@toks@=\toks20
\labelindent=\skip51
\enit@outerparindent=\dimen151
\enit@toks=\toks21
\enit@inbox=\box53
\enit@count@id=\count282
\enitdp@description=\count283
) (/usr/local/texlive/2025/texmf-dist/tex/latex/wrapfig/wrapfig.sty
\wrapoverhang=\dimen152
\WF@size=\dimen153
\c@WF@wrappedlines=\count284
\WF@box=\box54
\WF@everypar=\toks22
Package: wrapfig 2003/01/31  v 3.6
) (/usr/local/texlive/2025/texmf-dist/tex/latex/bbold/bbold.sty
Package: bbold 1994/04/06 Bbold symbol package
) (/usr/local/texlive/2025/texmf-dist/tex/latex/pgf/frontendlayer/tikz.sty (/usr/local/texlive/2025/texmf-dist/tex/latex/pgf/basiclayer/pgf.sty (/usr/local/texlive/2025/texmf-dist/tex/latex/pgf/utilities/pgfrcs.sty (/usr/local/texlive/2025/texmf-dist/tex/generic/pgf/utilities/pgfutil-common.tex
\pgfutil@everybye=\toks23
\pgfutil@tempdima=\dimen154
\pgfutil@tempdimb=\dimen155
) (/usr/local/texlive/2025/texmf-dist/tex/generic/pgf/utilities/pgfutil-latex.def
\pgfutil@abb=\box55
) (/usr/local/texlive/2025/texmf-dist/tex/generic/pgf/utilities/pgfrcs.code.tex (/usr/local/texlive/2025/texmf-dist/tex/generic/pgf/pgf.revision.tex)
Package: pgfrcs 2023-01-15 v3.1.10 (3.1.10)
))
Package: pgf 2023-01-15 v3.1.10 (3.1.10)
 (/usr/local/texlive/2025/texmf-dist/tex/latex/pgf/basiclayer/pgfcore.sty (/usr/local/texlive/2025/texmf-dist/tex/latex/graphics/graphicx.sty
Package: graphicx 2021/09/16 v1.2d Enhanced LaTeX Graphics (DPC,SPQR)
 (/usr/local/texlive/2025/texmf-dist/tex/latex/graphics/keyval.sty
Package: keyval 2022/05/29 v1.15 key=value parser (DPC)
\KV@toks@=\toks24
) (/usr/local/texlive/2025/texmf-dist/tex/latex/graphics/graphics.sty
Package: graphics 2024/08/06 v1.4g Standard LaTeX Graphics (DPC,SPQR)
 (/usr/local/texlive/2025/texmf-dist/tex/latex/graphics/trig.sty
Package: trig 2023/12/02 v1.11 sin cos tan (DPC)
) (/usr/local/texlive/2025/texmf-dist/tex/latex/graphics-cfg/graphics.cfg
File: graphics.cfg 2016/06/04 v1.11 sample graphics configuration
)
Package graphics Info: Driver file: pdftex.def on input line 106.
 (/usr/local/texlive/2025/texmf-dist/tex/latex/graphics-def/pdftex.def
File: pdftex.def 2024/04/13 v1.2c Graphics/color driver for pdftex
))
\Gin@req@height=\dimen156
\Gin@req@width=\dimen157
) (/usr/local/texlive/2025/texmf-dist/tex/latex/pgf/systemlayer/pgfsys.sty (/usr/local/texlive/2025/texmf-dist/tex/generic/pgf/systemlayer/pgfsys.code.tex
Package: pgfsys 2023-01-15 v3.1.10 (3.1.10)
 (/usr/local/texlive/2025/texmf-dist/tex/generic/pgf/utilities/pgfkeys.code.tex
\pgfkeys@pathtoks=\toks25
\pgfkeys@temptoks=\toks26
 (/usr/local/texlive/2025/texmf-dist/tex/generic/pgf/utilities/pgfkeyslibraryfiltered.code.tex
\pgfkeys@tmptoks=\toks27
))
\pgf@x=\dimen158
\pgf@y=\dimen159
\pgf@xa=\dimen160
\pgf@ya=\dimen161
\pgf@xb=\dimen162
\pgf@yb=\dimen163
\pgf@xc=\dimen164
\pgf@yc=\dimen165
\pgf@xd=\dimen166
\pgf@yd=\dimen167
\w@pgf@writea=\write3
\r@pgf@reada=\read3
\c@pgf@counta=\count285
\c@pgf@countb=\count286
\c@pgf@countc=\count287
\c@pgf@countd=\count288
\t@pgf@toka=\toks28
\t@pgf@tokb=\toks29
\t@pgf@tokc=\toks30
\pgf@sys@id@count=\count289
 (/usr/local/texlive/2025/texmf-dist/tex/generic/pgf/systemlayer/pgf.cfg
File: pgf.cfg 2023-01-15 v3.1.10 (3.1.10)
)
Driver file for pgf: pgfsys-pdftex.def
 (/usr/local/texlive/2025/texmf-dist/tex/generic/pgf/systemlayer/pgfsys-pdftex.def
File: pgfsys-pdftex.def 2023-01-15 v3.1.10 (3.1.10)
 (/usr/local/texlive/2025/texmf-dist/tex/generic/pgf/systemlayer/pgfsys-common-pdf.def
File: pgfsys-common-pdf.def 2023-01-15 v3.1.10 (3.1.10)
))) (/usr/local/texlive/2025/texmf-dist/tex/generic/pgf/systemlayer/pgfsyssoftpath.code.tex
File: pgfsyssoftpath.code.tex 2023-01-15 v3.1.10 (3.1.10)
\pgfsyssoftpath@smallbuffer@items=\count290
\pgfsyssoftpath@bigbuffer@items=\count291
) (/usr/local/texlive/2025/texmf-dist/tex/generic/pgf/systemlayer/pgfsysprotocol.code.tex
File: pgfsysprotocol.code.tex 2023-01-15 v3.1.10 (3.1.10)
)) (/usr/local/texlive/2025/texmf-dist/tex/latex/xcolor/xcolor.sty
Package: xcolor 2024/09/29 v3.02 LaTeX color extensions (UK)
 (/usr/local/texlive/2025/texmf-dist/tex/latex/graphics-cfg/color.cfg
File: color.cfg 2016/01/02 v1.6 sample color configuration
)
Package xcolor Info: Driver file: pdftex.def on input line 274.
 (/usr/local/texlive/2025/texmf-dist/tex/latex/graphics/mathcolor.ltx)
Package xcolor Info: Model `cmy' substituted by `cmy0' on input line 1349.
Package xcolor Info: Model `hsb' substituted by `rgb' on input line 1353.
Package xcolor Info: Model `RGB' extended on input line 1365.
Package xcolor Info: Model `HTML' substituted by `rgb' on input line 1367.
Package xcolor Info: Model `Hsb' substituted by `hsb' on input line 1368.
Package xcolor Info: Model `tHsb' substituted by `hsb' on input line 1369.
Package xcolor Info: Model `HSB' substituted by `hsb' on input line 1370.
Package xcolor Info: Model `Gray' substituted by `gray' on input line 1371.
Package xcolor Info: Model `wave' substituted by `hsb' on input line 1372.
) (/usr/local/texlive/2025/texmf-dist/tex/generic/pgf/basiclayer/pgfcore.code.tex
Package: pgfcore 2023-01-15 v3.1.10 (3.1.10)
 (/usr/local/texlive/2025/texmf-dist/tex/generic/pgf/math/pgfmath.code.tex (/usr/local/texlive/2025/texmf-dist/tex/generic/pgf/math/pgfmathutil.code.tex) (/usr/local/texlive/2025/texmf-dist/tex/generic/pgf/math/pgfmathparser.code.tex
\pgfmath@dimen=\dimen168
\pgfmath@count=\count292
\pgfmath@box=\box56
\pgfmath@toks=\toks31
\pgfmath@stack@operand=\toks32
\pgfmath@stack@operation=\toks33
) (/usr/local/texlive/2025/texmf-dist/tex/generic/pgf/math/pgfmathfunctions.code.tex) (/usr/local/texlive/2025/texmf-dist/tex/generic/pgf/math/pgfmathfunctions.basic.code.tex) (/usr/local/texlive/2025/texmf-dist/tex/generic/pgf/math/pgfmathfunctions.trigonometric.code.tex) (/usr/local/texlive/2025/texmf-dist/tex/generic/pgf/math/pgfmathfunctions.random.code.tex) (/usr/local/texlive/2025/texmf-dist/tex/generic/pgf/math/pgfmathfunctions.comparison.code.tex) (/usr/local/texlive/2025/texmf-dist/tex/generic/pgf/math/pgfmathfunctions.base.code.tex) (/usr/local/texlive/2025/texmf-dist/tex/generic/pgf/math/pgfmathfunctions.round.code.tex) (/usr/local/texlive/2025/texmf-dist/tex/generic/pgf/math/pgfmathfunctions.misc.code.tex) (/usr/local/texlive/2025/texmf-dist/tex/generic/pgf/math/pgfmathfunctions.integerarithmetics.code.tex) (/usr/local/texlive/2025/texmf-dist/tex/generic/pgf/math/pgfmathcalc.code.tex) (/usr/local/texlive/2025/texmf-dist/tex/generic/pgf/math/pgfmathfloat.code.tex
\c@pgfmathroundto@lastzeros=\count293
)) (/usr/local/texlive/2025/texmf-dist/tex/generic/pgf/math/pgfint.code.tex) (/usr/local/texlive/2025/texmf-dist/tex/generic/pgf/basiclayer/pgfcorepoints.code.tex
File: pgfcorepoints.code.tex 2023-01-15 v3.1.10 (3.1.10)
\pgf@picminx=\dimen169
\pgf@picmaxx=\dimen170
\pgf@picminy=\dimen171
\pgf@picmaxy=\dimen172
\pgf@pathminx=\dimen173
\pgf@pathmaxx=\dimen174
\pgf@pathminy=\dimen175
\pgf@pathmaxy=\dimen176
\pgf@xx=\dimen177
\pgf@xy=\dimen178
\pgf@yx=\dimen179
\pgf@yy=\dimen180
\pgf@zx=\dimen181
\pgf@zy=\dimen182
) (/usr/local/texlive/2025/texmf-dist/tex/generic/pgf/basiclayer/pgfcorepathconstruct.code.tex
File: pgfcorepathconstruct.code.tex 2023-01-15 v3.1.10 (3.1.10)
\pgf@path@lastx=\dimen183
\pgf@path@lasty=\dimen184
) (/usr/local/texlive/2025/texmf-dist/tex/generic/pgf/basiclayer/pgfcorepathusage.code.tex
File: pgfcorepathusage.code.tex 2023-01-15 v3.1.10 (3.1.10)
\pgf@shorten@end@additional=\dimen185
\pgf@shorten@start@additional=\dimen186
) (/usr/local/texlive/2025/texmf-dist/tex/generic/pgf/basiclayer/pgfcorescopes.code.tex
File: pgfcorescopes.code.tex 2023-01-15 v3.1.10 (3.1.10)
\pgfpic=\box57
\pgf@hbox=\box58
\pgf@layerbox@main=\box59
\pgf@picture@serial@count=\count294
) (/usr/local/texlive/2025/texmf-dist/tex/generic/pgf/basiclayer/pgfcoregraphicstate.code.tex
File: pgfcoregraphicstate.code.tex 2023-01-15 v3.1.10 (3.1.10)
\pgflinewidth=\dimen187
) (/usr/local/texlive/2025/texmf-dist/tex/generic/pgf/basiclayer/pgfcoretransformations.code.tex
File: pgfcoretransformations.code.tex 2023-01-15 v3.1.10 (3.1.10)
\pgf@pt@x=\dimen188
\pgf@pt@y=\dimen189
\pgf@pt@temp=\dimen190
) (/usr/local/texlive/2025/texmf-dist/tex/generic/pgf/basiclayer/pgfcorequick.code.tex
File: pgfcorequick.code.tex 2023-01-15 v3.1.10 (3.1.10)
) (/usr/local/texlive/2025/texmf-dist/tex/generic/pgf/basiclayer/pgfcoreobjects.code.tex
File: pgfcoreobjects.code.tex 2023-01-15 v3.1.10 (3.1.10)
) (/usr/local/texlive/2025/texmf-dist/tex/generic/pgf/basiclayer/pgfcorepathprocessing.code.tex
File: pgfcorepathprocessing.code.tex 2023-01-15 v3.1.10 (3.1.10)
) (/usr/local/texlive/2025/texmf-dist/tex/generic/pgf/basiclayer/pgfcorearrows.code.tex
File: pgfcorearrows.code.tex 2023-01-15 v3.1.10 (3.1.10)
\pgfarrowsep=\dimen191
) (/usr/local/texlive/2025/texmf-dist/tex/generic/pgf/basiclayer/pgfcoreshade.code.tex
File: pgfcoreshade.code.tex 2023-01-15 v3.1.10 (3.1.10)
\pgf@max=\dimen192
\pgf@sys@shading@range@num=\count295
\pgf@shadingcount=\count296
) (/usr/local/texlive/2025/texmf-dist/tex/generic/pgf/basiclayer/pgfcoreimage.code.tex
File: pgfcoreimage.code.tex 2023-01-15 v3.1.10 (3.1.10)
) (/usr/local/texlive/2025/texmf-dist/tex/generic/pgf/basiclayer/pgfcoreexternal.code.tex
File: pgfcoreexternal.code.tex 2023-01-15 v3.1.10 (3.1.10)
\pgfexternal@startupbox=\box60
) (/usr/local/texlive/2025/texmf-dist/tex/generic/pgf/basiclayer/pgfcorelayers.code.tex
File: pgfcorelayers.code.tex 2023-01-15 v3.1.10 (3.1.10)
) (/usr/local/texlive/2025/texmf-dist/tex/generic/pgf/basiclayer/pgfcoretransparency.code.tex
File: pgfcoretransparency.code.tex 2023-01-15 v3.1.10 (3.1.10)
) (/usr/local/texlive/2025/texmf-dist/tex/generic/pgf/basiclayer/pgfcorepatterns.code.tex
File: pgfcorepatterns.code.tex 2023-01-15 v3.1.10 (3.1.10)
) (/usr/local/texlive/2025/texmf-dist/tex/generic/pgf/basiclayer/pgfcorerdf.code.tex
File: pgfcorerdf.code.tex 2023-01-15 v3.1.10 (3.1.10)
))) (/usr/local/texlive/2025/texmf-dist/tex/generic/pgf/modules/pgfmoduleshapes.code.tex
File: pgfmoduleshapes.code.tex 2023-01-15 v3.1.10 (3.1.10)
\pgfnodeparttextbox=\box61
) (/usr/local/texlive/2025/texmf-dist/tex/generic/pgf/modules/pgfmoduleplot.code.tex
File: pgfmoduleplot.code.tex 2023-01-15 v3.1.10 (3.1.10)
) (/usr/local/texlive/2025/texmf-dist/tex/latex/pgf/compatibility/pgfcomp-version-0-65.sty
Package: pgfcomp-version-0-65 2023-01-15 v3.1.10 (3.1.10)
\pgf@nodesepstart=\dimen193
\pgf@nodesepend=\dimen194
) (/usr/local/texlive/2025/texmf-dist/tex/latex/pgf/compatibility/pgfcomp-version-1-18.sty
Package: pgfcomp-version-1-18 2023-01-15 v3.1.10 (3.1.10)
)) (/usr/local/texlive/2025/texmf-dist/tex/latex/pgf/utilities/pgffor.sty (/usr/local/texlive/2025/texmf-dist/tex/latex/pgf/utilities/pgfkeys.sty (/usr/local/texlive/2025/texmf-dist/tex/generic/pgf/utilities/pgfkeys.code.tex)) (/usr/local/texlive/2025/texmf-dist/tex/latex/pgf/math/pgfmath.sty (/usr/local/texlive/2025/texmf-dist/tex/generic/pgf/math/pgfmath.code.tex)) (/usr/local/texlive/2025/texmf-dist/tex/generic/pgf/utilities/pgffor.code.tex
Package: pgffor 2023-01-15 v3.1.10 (3.1.10)
\pgffor@iter=\dimen195
\pgffor@skip=\dimen196
\pgffor@stack=\toks34
\pgffor@toks=\toks35
)) (/usr/local/texlive/2025/texmf-dist/tex/generic/pgf/frontendlayer/tikz/tikz.code.tex
Package: tikz 2023-01-15 v3.1.10 (3.1.10)
 (/usr/local/texlive/2025/texmf-dist/tex/generic/pgf/libraries/pgflibraryplothandlers.code.tex
File: pgflibraryplothandlers.code.tex 2023-01-15 v3.1.10 (3.1.10)
\pgf@plot@mark@count=\count297
\pgfplotmarksize=\dimen197
)
\tikz@lastx=\dimen198
\tikz@lasty=\dimen199
\tikz@lastxsaved=\dimen256
\tikz@lastysaved=\dimen257
\tikz@lastmovetox=\dimen258
\tikz@lastmovetoy=\dimen259
\tikzleveldistance=\dimen260
\tikzsiblingdistance=\dimen261
\tikz@figbox=\box62
\tikz@figbox@bg=\box63
\tikz@tempbox=\box64
\tikz@tempbox@bg=\box65
\tikztreelevel=\count298
\tikznumberofchildren=\count299
\tikznumberofcurrentchild=\count300
\tikz@fig@count=\count301
 (/usr/local/texlive/2025/texmf-dist/tex/generic/pgf/modules/pgfmodulematrix.code.tex
File: pgfmodulematrix.code.tex 2023-01-15 v3.1.10 (3.1.10)
\pgfmatrixcurrentrow=\count302
\pgfmatrixcurrentcolumn=\count303
\pgf@matrix@numberofcolumns=\count304
)
\tikz@expandcount=\count305
 (/usr/local/texlive/2025/texmf-dist/tex/generic/pgf/frontendlayer/tikz/libraries/tikzlibrarytopaths.code.tex
File: tikzlibrarytopaths.code.tex 2023-01-15 v3.1.10 (3.1.10)
))) (/usr/local/texlive/2025/texmf-dist/tex/latex/url/url.sty
\Urlmuskip=\muskip17
Package: url 2013/09/16  ver 3.4  Verb mode for urls, etc.
) (/usr/local/texlive/2025/texmf-dist/tex/latex/hyperref/hyperref.sty
Package: hyperref 2024-11-05 v7.01l Hypertext links for LaTeX
 (/usr/local/texlive/2025/texmf-dist/tex/generic/iftex/iftex.sty
Package: iftex 2024/12/12 v1.0g TeX engine tests
) (/usr/local/texlive/2025/texmf-dist/tex/latex/kvsetkeys/kvsetkeys.sty
Package: kvsetkeys 2022-10-05 v1.19 Key value parser (HO)
) (/usr/local/texlive/2025/texmf-dist/tex/generic/kvdefinekeys/kvdefinekeys.sty
Package: kvdefinekeys 2019-12-19 v1.6 Define keys (HO)
) (/usr/local/texlive/2025/texmf-dist/tex/generic/pdfescape/pdfescape.sty
Package: pdfescape 2019/12/09 v1.15 Implements pdfTeX's escape features (HO)
 (/usr/local/texlive/2025/texmf-dist/tex/generic/ltxcmds/ltxcmds.sty
Package: ltxcmds 2023-12-04 v1.26 LaTeX kernel commands for general use (HO)
) (/usr/local/texlive/2025/texmf-dist/tex/generic/pdftexcmds/pdftexcmds.sty
Package: pdftexcmds 2020-06-27 v0.33 Utility functions of pdfTeX for LuaTeX (HO)
 (/usr/local/texlive/2025/texmf-dist/tex/generic/infwarerr/infwarerr.sty
Package: infwarerr 2019/12/03 v1.5 Providing info/warning/error messages (HO)
)
Package pdftexcmds Info: \pdf@primitive is available.
Package pdftexcmds Info: \pdf@ifprimitive is available.
Package pdftexcmds Info: \pdfdraftmode found.
)) (/usr/local/texlive/2025/texmf-dist/tex/latex/hycolor/hycolor.sty
Package: hycolor 2020-01-27 v1.10 Color options for hyperref/bookmark (HO)
) (/usr/local/texlive/2025/texmf-dist/tex/latex/hyperref/nameref.sty
Package: nameref 2023-11-26 v2.56 Cross-referencing by name of section
 (/usr/local/texlive/2025/texmf-dist/tex/latex/refcount/refcount.sty
Package: refcount 2019/12/15 v3.6 Data extraction from label references (HO)
) (/usr/local/texlive/2025/texmf-dist/tex/generic/gettitlestring/gettitlestring.sty
Package: gettitlestring 2019/12/15 v1.6 Cleanup title references (HO)
 (/usr/local/texlive/2025/texmf-dist/tex/latex/kvoptions/kvoptions.sty
Package: kvoptions 2022-06-15 v3.15 Key value format for package options (HO)
))
\c@section@level=\count306
) (/usr/local/texlive/2025/texmf-dist/tex/latex/etoolbox/etoolbox.sty
Package: etoolbox 2025/02/11 v2.5l e-TeX tools for LaTeX (JAW)
\etb@tempcnta=\count307
) (/usr/local/texlive/2025/texmf-dist/tex/generic/stringenc/stringenc.sty
Package: stringenc 2019/11/29 v1.12 Convert strings between diff. encodings (HO)
)
\@linkdim=\dimen262
\Hy@linkcounter=\count308
\Hy@pagecounter=\count309
 (/usr/local/texlive/2025/texmf-dist/tex/latex/hyperref/pd1enc.def
File: pd1enc.def 2024-11-05 v7.01l Hyperref: PDFDocEncoding definition (HO)
Now handling font encoding PD1 ...
... no UTF-8 mapping file for font encoding PD1
) (/usr/local/texlive/2025/texmf-dist/tex/generic/intcalc/intcalc.sty
Package: intcalc 2019/12/15 v1.3 Expandable calculations with integers (HO)
)
\Hy@SavedSpaceFactor=\count310
 (/usr/local/texlive/2025/texmf-dist/tex/latex/hyperref/puenc.def
File: puenc.def 2024-11-05 v7.01l Hyperref: PDF Unicode definition (HO)
Now handling font encoding PU ...
... no UTF-8 mapping file for font encoding PU
)
Package hyperref Info: Option `colorlinks' set `true' on input line 4040.
Package hyperref Info: Hyper figures OFF on input line 4157.
Package hyperref Info: Link nesting OFF on input line 4162.
Package hyperref Info: Hyper index ON on input line 4165.
Package hyperref Info: Plain pages OFF on input line 4172.
Package hyperref Info: Backreferencing OFF on input line 4177.
Package hyperref Info: Implicit mode ON; LaTeX internals redefined.
Package hyperref Info: Bookmarks ON on input line 4424.
\c@Hy@tempcnt=\count311
LaTeX Info: Redefining \url on input line 4763.
\XeTeXLinkMargin=\dimen263
 (/usr/local/texlive/2025/texmf-dist/tex/generic/bitset/bitset.sty
Package: bitset 2019/12/09 v1.3 Handle bit-vector datatype (HO)
 (/usr/local/texlive/2025/texmf-dist/tex/generic/bigintcalc/bigintcalc.sty
Package: bigintcalc 2019/12/15 v1.5 Expandable calculations on big integers (HO)
))
\Fld@menulength=\count312
\Field@Width=\dimen264
\Fld@charsize=\dimen265
Package hyperref Info: Hyper figures OFF on input line 6042.
Package hyperref Info: Link nesting OFF on input line 6047.
Package hyperref Info: Hyper index ON on input line 6050.
Package hyperref Info: backreferencing OFF on input line 6057.
Package hyperref Info: Link coloring ON on input line 6060.
Package hyperref Info: Link coloring with OCG OFF on input line 6067.
Package hyperref Info: PDF/A mode OFF on input line 6072.
 (/usr/local/texlive/2025/texmf-dist/tex/latex/base/atbegshi-ltx.sty
Package: atbegshi-ltx 2021/01/10 v1.0c Emulation of the original atbegshi
package with kernel methods
)
\Hy@abspage=\count313
\c@Item=\count314
\c@Hfootnote=\count315
)
Package hyperref Info: Driver (autodetected): hpdftex.
 (/usr/local/texlive/2025/texmf-dist/tex/latex/hyperref/hpdftex.def
File: hpdftex.def 2024-11-05 v7.01l Hyperref driver for pdfTeX
 (/usr/local/texlive/2025/texmf-dist/tex/latex/base/atveryend-ltx.sty
Package: atveryend-ltx 2020/08/19 v1.0a Emulation of the original atveryend package
with kernel methods
)
\Fld@listcount=\count316
\c@bookmark@seq@number=\count317
 (/usr/local/texlive/2025/texmf-dist/tex/latex/rerunfilecheck/rerunfilecheck.sty
Package: rerunfilecheck 2022-07-10 v1.10 Rerun checks for auxiliary files (HO)
 (/usr/local/texlive/2025/texmf-dist/tex/generic/uniquecounter/uniquecounter.sty
Package: uniquecounter 2019/12/15 v1.4 Provide unlimited unique counter (HO)
)
Package uniquecounter Info: New unique counter `rerunfilecheck' on input line 285.
)
\Hy@SectionHShift=\skip52
) (/usr/local/texlive/2025/texmf-dist/tex/latex/lm/lmodern.sty
Package: lmodern 2015/05/01 v1.6.1 Latin Modern Fonts
LaTeX Font Info:    Overwriting symbol font `operators' in version `normal'
(Font)                  OT1/cmr/m/n --> OT1/lmr/m/n on input line 22.
LaTeX Font Info:    Overwriting symbol font `letters' in version `normal'
(Font)                  OML/cmm/m/it --> OML/lmm/m/it on input line 23.
LaTeX Font Info:    Overwriting symbol font `symbols' in version `normal'
(Font)                  OMS/cmsy/m/n --> OMS/lmsy/m/n on input line 24.
LaTeX Font Info:    Overwriting symbol font `largesymbols' in version `normal'
(Font)                  OMX/cmex/m/n --> OMX/lmex/m/n on input line 25.
LaTeX Font Info:    Overwriting symbol font `operators' in version `bold'
(Font)                  OT1/cmr/bx/n --> OT1/lmr/bx/n on input line 26.
LaTeX Font Info:    Overwriting symbol font `letters' in version `bold'
(Font)                  OML/cmm/b/it --> OML/lmm/b/it on input line 27.
LaTeX Font Info:    Overwriting symbol font `symbols' in version `bold'
(Font)                  OMS/cmsy/b/n --> OMS/lmsy/b/n on input line 28.
LaTeX Font Info:    Overwriting symbol font `largesymbols' in version `bold'
(Font)                  OMX/cmex/m/n --> OMX/lmex/m/n on input line 29.
LaTeX Font Info:    Overwriting math alphabet `\mathbf' in version `normal'
(Font)                  OT1/cmr/bx/n --> OT1/lmr/bx/n on input line 31.
LaTeX Font Info:    Overwriting math alphabet `\mathsf' in version `normal'
(Font)                  OT1/cmss/m/n --> OT1/lmss/m/n on input line 32.
LaTeX Font Info:    Overwriting math alphabet `\mathit' in version `normal'
(Font)                  OT1/cmr/m/it --> OT1/lmr/m/it on input line 33.
LaTeX Font Info:    Overwriting math alphabet `\mathtt' in version `normal'
(Font)                  OT1/cmtt/m/n --> OT1/lmtt/m/n on input line 34.
LaTeX Font Info:    Overwriting math alphabet `\mathbf' in version `bold'
(Font)                  OT1/cmr/bx/n --> OT1/lmr/bx/n on input line 35.
LaTeX Font Info:    Overwriting math alphabet `\mathsf' in version `bold'
(Font)                  OT1/cmss/bx/n --> OT1/lmss/bx/n on input line 36.
LaTeX Font Info:    Overwriting math alphabet `\mathit' in version `bold'
(Font)                  OT1/cmr/bx/it --> OT1/lmr/bx/it on input line 37.
LaTeX Font Info:    Overwriting math alphabet `\mathtt' in version `bold'
(Font)                  OT1/cmtt/m/n --> OT1/lmtt/m/n on input line 38.
) (/usr/local/texlive/2025/texmf-dist/tex/latex/amsmath/amsmath.sty
Package: amsmath 2024/11/05 v2.17t AMS math features
\@mathmargin=\skip53

For additional information on amsmath, use the `?' option.
(/usr/local/texlive/2025/texmf-dist/tex/latex/amsmath/amstext.sty
Package: amstext 2021/08/26 v2.01 AMS text
 (/usr/local/texlive/2025/texmf-dist/tex/latex/amsmath/amsgen.sty
File: amsgen.sty 1999/11/30 v2.0 generic functions
\@emptytoks=\toks36
\ex@=\dimen266
)) (/usr/local/texlive/2025/texmf-dist/tex/latex/amsmath/amsbsy.sty
Package: amsbsy 1999/11/29 v1.2d Bold Symbols
\pmbraise@=\dimen267
) (/usr/local/texlive/2025/texmf-dist/tex/latex/amsmath/amsopn.sty
Package: amsopn 2022/04/08 v2.04 operator names
)
\inf@bad=\count318
LaTeX Info: Redefining \frac on input line 233.
\uproot@=\count319
\leftroot@=\count320
LaTeX Info: Redefining \overline on input line 398.
LaTeX Info: Redefining \colon on input line 409.
\classnum@=\count321
\DOTSCASE@=\count322
LaTeX Info: Redefining \ldots on input line 495.
LaTeX Info: Redefining \dots on input line 498.
LaTeX Info: Redefining \cdots on input line 619.
\Mathstrutbox@=\box66
\strutbox@=\box67
LaTeX Info: Redefining \big on input line 721.
LaTeX Info: Redefining \Big on input line 722.
LaTeX Info: Redefining \bigg on input line 723.
LaTeX Info: Redefining \Bigg on input line 724.
\big@size=\dimen268
LaTeX Font Info:    Redeclaring font encoding OML on input line 742.
LaTeX Font Info:    Redeclaring font encoding OMS on input line 743.
\macc@depth=\count323
LaTeX Info: Redefining \bmod on input line 904.
LaTeX Info: Redefining \pmod on input line 909.
LaTeX Info: Redefining \smash on input line 939.
LaTeX Info: Redefining \relbar on input line 969.
LaTeX Info: Redefining \Relbar on input line 970.
\c@MaxMatrixCols=\count324
\dotsspace@=\muskip18
\c@parentequation=\count325
\dspbrk@lvl=\count326
\tag@help=\toks37
\row@=\count327
\column@=\count328
\maxfields@=\count329
\andhelp@=\toks38
\eqnshift@=\dimen269
\alignsep@=\dimen270
\tagshift@=\dimen271
\tagwidth@=\dimen272
\totwidth@=\dimen273
\lineht@=\dimen274
\@envbody=\toks39
\multlinegap=\skip54
\multlinetaggap=\skip55
\mathdisplay@stack=\toks40
LaTeX Info: Redefining \[ on input line 2953.
LaTeX Info: Redefining \] on input line 2954.
) (/usr/local/texlive/2025/texmf-dist/tex/latex/amscls/amsthm.sty
Package: amsthm 2020/05/29 v2.20.6
\thm@style=\toks41
\thm@bodyfont=\toks42
\thm@headfont=\toks43
\thm@notefont=\toks44
\thm@headpunct=\toks45
\thm@preskip=\skip56
\thm@postskip=\skip57
\thm@headsep=\skip58
\dth@everypar=\toks46
) (/usr/local/texlive/2025/texmf-dist/tex/latex/amsfonts/amssymb.sty
Package: amssymb 2013/01/14 v3.01 AMS font symbols
 (/usr/local/texlive/2025/texmf-dist/tex/latex/amsfonts/amsfonts.sty
Package: amsfonts 2013/01/14 v3.01 Basic AMSFonts support
\symAMSa=\mathgroup4
\symAMSb=\mathgroup5
LaTeX Font Info:    Redeclaring math symbol \hbar on input line 98.
LaTeX Font Info:    Overwriting math alphabet `\mathfrak' in version `bold'
(Font)                  U/euf/m/n --> U/euf/b/n on input line 106.
)) (/usr/local/texlive/2025/texmf-dist/tex/latex/float/float.sty
Package: float 2001/11/08 v1.3d Float enhancements (AL)
\c@float@type=\count330
\float@exts=\toks47
\float@box=\box68
\@float@everytoks=\toks48
\@floatcapt=\box69
) (/usr/local/texlive/2025/texmf-dist/tex/latex/subfigure/subfigure.sty
Package: subfigure 2002/03/15 v2.1.5 subfigure package
\subfigtopskip=\skip59
\subfigcapskip=\skip60
\subfigcaptopadj=\dimen275
\subfigbottomskip=\skip61
\subfigcapmargin=\dimen276
\subfiglabelskip=\skip62
\c@subfigure=\count331
\c@lofdepth=\count332
\c@subtable=\count333
\c@lotdepth=\count334

****************************************
* Local config file subfigure.cfg used *
****************************************
(/usr/local/texlive/2025/texmf-dist/tex/latex/subfigure/subfigure.cfg)
\subfig@top=\skip63
\subfig@bottom=\skip64
) (/usr/local/texlive/2025/texmf-dist/tex/latex/caption/caption.sty
Package: caption 2023/08/05 v3.6o Customizing captions (AR)
 (/usr/local/texlive/2025/texmf-dist/tex/latex/caption/caption3.sty
Package: caption3 2023/07/31 v2.4d caption3 kernel (AR)
\caption@tempdima=\dimen277
\captionmargin=\dimen278
\caption@leftmargin=\dimen279
\caption@rightmargin=\dimen280
\caption@width=\dimen281
\caption@indent=\dimen282
\caption@parindent=\dimen283
\caption@hangindent=\dimen284
Package caption Info: Standard document class detected.
)
\c@caption@flags=\count335
\c@continuedfloat=\count336
Package caption Info: float package is loaded.
Package caption Info: hyperref package is loaded.
Package caption Info: subfigure package is loaded.
Package caption Info: wrapfig package is loaded.
) (/usr/local/texlive/2025/texmf-dist/tex/latex/titlesec/titlesec.sty
Package: titlesec 2025/01/04 v2.17 Sectioning titles
\ttl@box=\box70
\beforetitleunit=\skip65
\aftertitleunit=\skip66
\ttl@plus=\dimen285
\ttl@minus=\dimen286
\ttl@toksa=\toks49
\titlewidth=\dimen287
\titlewidthlast=\dimen288
\titlewidthfirst=\dimen289
) (/usr/local/texlive/2025/texmf-dist/tex/latex/geometry/geometry.sty
Package: geometry 2020/01/02 v5.9 Page Geometry
 (/usr/local/texlive/2025/texmf-dist/tex/generic/iftex/ifvtex.sty
Package: ifvtex 2019/10/25 v1.7 ifvtex legacy package. Use iftex instead.
)
\Gm@cnth=\count337
\Gm@cntv=\count338
\c@Gm@tempcnt=\count339
\Gm@bindingoffset=\dimen290
\Gm@wd@mp=\dimen291
\Gm@odd@mp=\dimen292
\Gm@even@mp=\dimen293
\Gm@layoutwidth=\dimen294
\Gm@layoutheight=\dimen295
\Gm@layouthoffset=\dimen296
\Gm@layoutvoffset=\dimen297
\Gm@dimlist=\toks50
)
\c@exemple=\count340
 (/usr/local/texlive/2025/texmf-dist/tex/latex/mathtools/mathtools.sty
Package: mathtools 2024/10/04 v1.31 mathematical typesetting tools
 (/usr/local/texlive/2025/texmf-dist/tex/latex/tools/calc.sty
Package: calc 2023/07/08 v4.3 Infix arithmetic (KKT,FJ)
\calc@Acount=\count341
\calc@Bcount=\count342
\calc@Adimen=\dimen298
\calc@Bdimen=\dimen299
\calc@Askip=\skip67
\calc@Bskip=\skip68
LaTeX Info: Redefining \setlength on input line 80.
LaTeX Info: Redefining \addtolength on input line 81.
\calc@Ccount=\count343
\calc@Cskip=\skip69
) (/usr/local/texlive/2025/texmf-dist/tex/latex/mathtools/mhsetup.sty
Package: mhsetup 2021/03/18 v1.4 programming setup (MH)
)
\g_MT_multlinerow_int=\count344
\l_MT_multwidth_dim=\dimen300
\origjot=\skip70
\l_MT_shortvdotswithinadjustabove_dim=\dimen301
\l_MT_shortvdotswithinadjustbelow_dim=\dimen302
\l_MT_above_intertext_sep=\dimen303
\l_MT_below_intertext_sep=\dimen304
\l_MT_above_shortintertext_sep=\dimen305
\l_MT_below_shortintertext_sep=\dimen306
\xmathstrut@box=\box71
\xmathstrut@dim=\dimen307
) (/usr/local/texlive/2025/texmf-dist/tex/latex/tools/bm.sty
Package: bm 2023/12/19 v1.2f Bold Symbol Support (DPC/FMi)
\symboldoperators=\mathgroup6
\symboldletters=\mathgroup7
\symboldsymbols=\mathgroup8
Package bm Info: No bold for \OMX/lmex/m/n, using \pmb.
Package bm Info: No bold for \U/msa/m/n, using \pmb.
Package bm Info: No bold for \U/msb/m/n, using \pmb.
LaTeX Font Info:    Redeclaring math alphabet \mathbf on input line 149.
) (/usr/local/texlive/2025/texmf-dist/tex/latex/physics/physics.sty
Package: physics 
 (/usr/local/texlive/2025/texmf-dist/tex/latex/l3packages/xparse/xparse.sty (/usr/local/texlive/2025/texmf-dist/tex/latex/l3kernel/expl3.sty
Package: expl3 2025-01-18 L3 programming layer (loader) 
 (/usr/local/texlive/2025/texmf-dist/tex/latex/l3backend/l3backend-pdftex.def
File: l3backend-pdftex.def 2024-05-08 L3 backend support: PDF output (pdfTeX)
\l__color_backend_stack_int=\count345
\l__pdf_internal_box=\box72
))
Package: xparse 2024-08-16 L3 Experimental document command parser
)) (/usr/local/texlive/2025/texmf-dist/tex/latex/booktabs/booktabs.sty
Package: booktabs 2020/01/12 v1.61803398 Publication quality tables
\heavyrulewidth=\dimen308
\lightrulewidth=\dimen309
\cmidrulewidth=\dimen310
\belowrulesep=\dimen311
\belowbottomsep=\dimen312
\aboverulesep=\dimen313
\abovetopsep=\dimen314
\cmidrulesep=\dimen315
\cmidrulekern=\dimen316
\defaultaddspace=\dimen317
\@cmidla=\count346
\@cmidlb=\count347
\@aboverulesep=\dimen318
\@belowrulesep=\dimen319
\@thisruleclass=\count348
\@lastruleclass=\count349
\@thisrulewidth=\dimen320
) (/usr/local/texlive/2025/texmf-dist/tex/latex/algorithms/algorithm.sty
Package: algorithm 2009/08/24 v0.1 Document Style `algorithm' - floating environment
 (/usr/local/texlive/2025/texmf-dist/tex/latex/base/ifthen.sty
Package: ifthen 2024/03/16 v1.1e Standard LaTeX ifthen package (DPC)
)
\@float@every@algorithm=\toks51
\c@algorithm=\count350
) (/usr/local/texlive/2025/texmf-dist/tex/latex/algorithmicx/algpseudocode.sty
Package: algpseudocode 
 (/usr/local/texlive/2025/texmf-dist/tex/latex/algorithmicx/algorithmicx.sty
Package: algorithmicx 2005/04/27 v1.2 Algorithmicx

Document Style algorithmicx 1.2 - a greatly improved `algorithmic' style
\c@ALG@line=\count351
\c@ALG@rem=\count352
\c@ALG@nested=\count353
\ALG@tlm=\skip71
\ALG@thistlm=\skip72
\c@ALG@Lnr=\count354
\c@ALG@blocknr=\count355
\c@ALG@storecount=\count356
\c@ALG@tmpcounter=\count357
\ALG@tmplength=\skip73
)
Document Style - pseudocode environments for use with the `algorithmicx' style
)
\c@theorem=\count358
 (/usr/local/texlive/2025/texmf-dist/tex/latex/biblatex/biblatex.sty
Package: biblatex 2024/03/21 v3.20 programmable bibliographies (PK/MW)
 (/usr/local/texlive/2025/texmf-dist/tex/latex/logreq/logreq.sty
Package: logreq 2010/08/04 v1.0 xml request logger
\lrq@indent=\count359
 (/usr/local/texlive/2025/texmf-dist/tex/latex/logreq/logreq.def
File: logreq.def 2010/08/04 v1.0 logreq spec v1.0
))
\c@tabx@nest=\count360
\c@listtotal=\count361
\c@listcount=\count362
\c@liststart=\count363
\c@liststop=\count364
\c@citecount=\count365
\c@citetotal=\count366
\c@multicitecount=\count367
\c@multicitetotal=\count368
\c@instcount=\count369
\c@maxnames=\count370
\c@minnames=\count371
\c@maxitems=\count372
\c@minitems=\count373
\c@citecounter=\count374
\c@maxcitecounter=\count375
\c@savedcitecounter=\count376
\c@uniquelist=\count377
\c@uniquename=\count378
\c@refsection=\count379
\c@refsegment=\count380
\c@maxextratitle=\count381
\c@maxextratitleyear=\count382
\c@maxextraname=\count383
\c@maxextradate=\count384
\c@maxextraalpha=\count385
\c@abbrvpenalty=\count386
\c@highnamepenalty=\count387
\c@lownamepenalty=\count388
\c@maxparens=\count389
\c@parenlevel=\count390
\blx@tempcnta=\count391
\blx@tempcntb=\count392
\blx@tempcntc=\count393
\c@blx@maxsection=\count394
\blx@maxsegment@0=\count395
\blx@notetype=\count396
\blx@parenlevel@text=\count397
\blx@parenlevel@foot=\count398
\blx@sectionciteorder@0=\count399
\blx@sectionciteorderinternal@0=\count400
\blx@entrysetcounter=\count401
\blx@biblioinstance=\count402
\labelnumberwidth=\skip74
\labelalphawidth=\skip75
\biblabelsep=\skip76
\bibitemsep=\skip77
\bibnamesep=\skip78
\bibinitsep=\skip79
\bibparsep=\skip80
\bibhang=\skip81
\blx@bcfin=\read4
\blx@bcfout=\write4
\blx@langwohyphens=\language91
\c@mincomprange=\count403
\c@maxcomprange=\count404
\c@mincompwidth=\count405
Package biblatex Info: Trying to load biblatex default data model...
Package biblatex Info: ... file 'blx-dm.def' found.
 (/usr/local/texlive/2025/texmf-dist/tex/latex/biblatex/blx-dm.def
File: blx-dm.def 2024/03/21 v3.20 biblatex datamodel (PK/MW)
)
Package biblatex Info: Trying to load biblatex style data model...
Package biblatex Info: ... file 'numeric.dbx' not found.
Package biblatex Info: Trying to load biblatex custom data model...
Package biblatex Info: ... file 'biblatex-dm.cfg' not found.
\c@afterword=\count406
\c@savedafterword=\count407
\c@annotator=\count408
\c@savedannotator=\count409
\c@author=\count410
\c@savedauthor=\count411
\c@bookauthor=\count412
\c@savedbookauthor=\count413
\c@commentator=\count414
\c@savedcommentator=\count415
\c@editor=\count416
\c@savededitor=\count417
\c@editora=\count418
\c@savededitora=\count419
\c@editorb=\count420
\c@savededitorb=\count421
\c@editorc=\count422
\c@savededitorc=\count423
\c@foreword=\count424
\c@savedforeword=\count425
\c@holder=\count426
\c@savedholder=\count427
\c@introduction=\count428
\c@savedintroduction=\count429
\c@namea=\count430
\c@savednamea=\count431
\c@nameb=\count432
\c@savednameb=\count433
\c@namec=\count434
\c@savednamec=\count435
\c@translator=\count436
\c@savedtranslator=\count437
\c@shortauthor=\count438
\c@savedshortauthor=\count439
\c@shorteditor=\count440
\c@savedshorteditor=\count441
\c@labelname=\count442
\c@savedlabelname=\count443
\c@institution=\count444
\c@savedinstitution=\count445
\c@lista=\count446
\c@savedlista=\count447
\c@listb=\count448
\c@savedlistb=\count449
\c@listc=\count450
\c@savedlistc=\count451
\c@listd=\count452
\c@savedlistd=\count453
\c@liste=\count454
\c@savedliste=\count455
\c@listf=\count456
\c@savedlistf=\count457
\c@location=\count458
\c@savedlocation=\count459
\c@organization=\count460
\c@savedorganization=\count461
\c@origlocation=\count462
\c@savedoriglocation=\count463
\c@origpublisher=\count464
\c@savedorigpublisher=\count465
\c@publisher=\count466
\c@savedpublisher=\count467
\c@language=\count468
\c@savedlanguage=\count469
\c@origlanguage=\count470
\c@savedoriglanguage=\count471
\c@pageref=\count472
\c@savedpageref=\count473
\shorthandwidth=\skip82
\shortjournalwidth=\skip83
\shortserieswidth=\skip84
\shorttitlewidth=\skip85
\shortauthorwidth=\skip86
\shorteditorwidth=\skip87
\locallabelnumberwidth=\skip88
\locallabelalphawidth=\skip89
\localshorthandwidth=\skip90
\localshortjournalwidth=\skip91
\localshortserieswidth=\skip92
\localshorttitlewidth=\skip93
\localshortauthorwidth=\skip94
\localshorteditorwidth=\skip95
Package biblatex Info: Trying to load compatibility code...
Package biblatex Info: ... file 'blx-compat.def' found.
 (/usr/local/texlive/2025/texmf-dist/tex/latex/biblatex/blx-compat.def
File: blx-compat.def 2024/03/21 v3.20 biblatex compatibility (PK/MW)
)
Package biblatex Info: Trying to load generic definitions...
Package biblatex Info: ... file 'biblatex.def' found.
 (/usr/local/texlive/2025/texmf-dist/tex/latex/biblatex/biblatex.def
File: biblatex.def 2024/03/21 v3.20 biblatex compatibility (PK/MW)
\c@textcitecount=\count474
\c@textcitetotal=\count475
\c@textcitemaxnames=\count476
\c@biburlbigbreakpenalty=\count477
\c@biburlbreakpenalty=\count478
\c@biburlnumpenalty=\count479
\c@biburlucpenalty=\count480
\c@biburllcpenalty=\count481
\biburlbigskip=\muskip19
\biburlnumskip=\muskip20
\biburlucskip=\muskip21
\biburllcskip=\muskip22
\c@smartand=\count482
)
Package biblatex Info: Trying to load bibliography style 'numeric'...
Package biblatex Info: ... file 'numeric.bbx' found.
 (/usr/local/texlive/2025/texmf-dist/tex/latex/biblatex/bbx/numeric.bbx
File: numeric.bbx 2024/03/21 v3.20 biblatex bibliography style (PK/MW)
Package biblatex Info: Trying to load bibliography style 'standard'...
Package biblatex Info: ... file 'standard.bbx' found.
 (/usr/local/texlive/2025/texmf-dist/tex/latex/biblatex/bbx/standard.bbx
File: standard.bbx 2024/03/21 v3.20 biblatex bibliography style (PK/MW)
\c@bbx:relatedcount=\count483
\c@bbx:relatedtotal=\count484
))
Package biblatex Info: Trying to load citation style 'numeric'...
Package biblatex Info: ... file 'numeric.cbx' found.
 (/usr/local/texlive/2025/texmf-dist/tex/latex/biblatex/cbx/numeric.cbx
File: numeric.cbx 2024/03/21 v3.20 biblatex citation style (PK/MW)
Package biblatex Info: Redefining '\cite'.
Package biblatex Info: Redefining '\parencite'.
Package biblatex Info: Redefining '\footcite'.
Package biblatex Info: Redefining '\footcitetext'.
Package biblatex Info: Redefining '\smartcite'.
Package biblatex Info: Redefining '\supercite'.
Package biblatex Info: Redefining '\textcite'.
Package biblatex Info: Redefining '\textcites'.
Package biblatex Info: Redefining '\cites'.
Package biblatex Info: Redefining '\parencites'.
Package biblatex Info: Redefining '\smartcites'.
)
Package biblatex Info: Trying to load configuration file...
Package biblatex Info: ... file 'biblatex.cfg' found.
 (/usr/local/texlive/2025/texmf-dist/tex/latex/biblatex/biblatex.cfg
File: biblatex.cfg 
)
Package biblatex Info: Input encoding 'utf8' detected.
Package biblatex Info: Document encoding is UTF8 ....
Package biblatex Info: ... and expl3
(biblatex)             2025-01-18 L3 programming layer (loader) 
(biblatex)             is new enough (at least 2020/04/06),
(biblatex)             setting 'casechanger=expl3'.
 (/usr/local/texlive/2025/texmf-dist/tex/latex/biblatex/blx-case-expl3.sty
Package: blx-case-expl3 2024/03/21 v3.20 expl3 case changing code for biblatex
)) (/usr/local/texlive/2025/texmf-dist/tex/latex/csquotes/csquotes.sty
Package: csquotes 2024-04-04 v5.2o context-sensitive quotations (JAW)
\csq@reset=\count485
\csq@gtype=\count486
\csq@glevel=\count487
\csq@qlevel=\count488
\csq@maxlvl=\count489
\csq@tshold=\count490
\csq@ltx@everypar=\toks52
 (/usr/local/texlive/2025/texmf-dist/tex/latex/csquotes/csquotes.def
File: csquotes.def 2024-04-04 v5.2o csquotes generic definitions (JAW)
)
Package csquotes Info: Trying to load configuration file 'csquotes.cfg'...
Package csquotes Info: ... configuration file loaded successfully.
 (/usr/local/texlive/2025/texmf-dist/tex/latex/csquotes/csquotes.cfg
File: csquotes.cfg 
))) (/usr/local/texlive/2025/texmf-dist/tex/latex/adjustbox/adjustbox.sty
Package: adjustbox 2025/02/26 v1.3c Adjusting TeX boxes (trim, clip, ...)
 (/usr/local/texlive/2025/texmf-dist/tex/latex/xkeyval/xkeyval.sty
Package: xkeyval 2022/06/16 v2.9 package option processing (HA)
 (/usr/local/texlive/2025/texmf-dist/tex/generic/xkeyval/xkeyval.tex (/usr/local/texlive/2025/texmf-dist/tex/generic/xkeyval/xkvutils.tex
\XKV@toks=\toks53
\XKV@tempa@toks=\toks54
)
\XKV@depth=\count491
File: xkeyval.tex 2014/12/03 v2.7a key=value parser (HA)
)) (/usr/local/texlive/2025/texmf-dist/tex/latex/adjustbox/adjcalc.sty
Package: adjcalc 2012/05/16 v1.1 Provides advanced setlength with multiple back-ends (calc, etex, pgfmath)
) (/usr/local/texlive/2025/texmf-dist/tex/latex/adjustbox/trimclip.sty
Package: trimclip 2025/02/21 v1.2a Trim and clip general TeX material
 (/usr/local/texlive/2025/texmf-dist/tex/latex/collectbox/collectbox.sty
Package: collectbox 2022/10/17 v0.4c Collect macro arguments as boxes
\collectedbox=\box73
)
\tc@llx=\dimen321
\tc@lly=\dimen322
\tc@urx=\dimen323
\tc@ury=\dimen324
Package trimclip Info: Using driver 'tc-pdftex.def'.
 (/usr/local/texlive/2025/texmf-dist/tex/latex/adjustbox/tc-pdftex.def
File: tc-pdftex.def 2025/02/26 v2.3 Clipping driver for pdftex
))
\adjbox@Width=\dimen325
\adjbox@Height=\dimen326
\adjbox@Depth=\dimen327
\adjbox@Totalheight=\dimen328
\adjbox@pwidth=\dimen329
\adjbox@pheight=\dimen330
\adjbox@pdepth=\dimen331
\adjbox@ptotalheight=\dimen332
 (/usr/local/texlive/2025/texmf-dist/tex/latex/ifoddpage/ifoddpage.sty
Package: ifoddpage 2022/10/18 v1.2 Conditionals for odd/even page detection
\c@checkoddpage=\count492
) (/usr/local/texlive/2025/texmf-dist/tex/latex/varwidth/varwidth.sty
Package: varwidth 2009/03/30 ver 0.92;  Variable-width minipages
\@vwid@box=\box74
\sift@deathcycles=\count493
\@vwid@loff=\dimen333
\@vwid@roff=\dimen334
)) (./glossary.tex (/usr/local/texlive/2025/texmf-dist/tex/latex/glossaries/base/glossaries.sty
Package: glossaries 2025/03/03 v4.56 (NLCT)
 (/usr/local/texlive/2025/texmf-dist/tex/latex/mfirstuc/mfirstuc.sty
Package: mfirstuc 2022/10/14 v2.08 (NLCT)
\@glsmfirst=\toks55
\@glsmrest=\toks56
) (/usr/local/texlive/2025/texmf-dist/tex/latex/xfor/xfor.sty
Package: xfor 2009/02/05 v1.05 (NLCT)
) (/usr/local/texlive/2025/texmf-dist/tex/latex/tracklang/tracklang.sty
Package: tracklang 2025/03/04 v1.6.5 (NLCT) Track Languages
 (/usr/local/texlive/2025/texmf-dist/tex/generic/tracklang/tracklang.tex)) (/usr/local/texlive/2025/texmf-dist/tex/latex/translator/translator.sty
Package: translator 2021-05-31 v1.12d Easy translation of strings in LaTeX
) (/usr/local/texlive/2025/texmf-dist/tex/latex/glossaries-english/glossaries-english.ldf
File: glossaries-english.ldf 2014/11/23 v1.0
) (/usr/local/texlive/2025/texmf-dist/tex/latex/datatool/datatool-base.sty
Package: datatool-base 2025/03/05 v3.0.1 (NLCT)
 (/usr/local/texlive/2025/texmf-dist/tex/latex/datatool/datatool-l3fp.def
File: datatool-l3fp.def 2025/03/05 v3.0.1 (NLCT)
)
\@dtl@toks=\toks57
\@dtl@tmpcount=\count494
\dtl@tmplength=\skip96
\l__datatool_measure_box=\box75
\dtl@sortresult=\count495
 (/usr/local/texlive/2025/texmf-dist/tex/latex/datatool/datatool-utf8.ldf
File: datatool-utf8.ldf 2025/03/05 v3.0.1 (NLCT)
)
\@dtl@datatype=\count496
\l__datatool_tmpa_int=\count497
\l__datatool_tmpb_int=\count498
\l__datatool_tmpc_int=\count499
\l__datatool_tmpd_int=\count500
\l__datatool_count_int=\count501
\l__datatool_tmp_datatype_int=\count502
\l__datatool_tmpa_dim=\dimen335
\l__datatool_tmpb_dim=\dimen336
\c_datatool_unknown_int=\count503
\l__datatool_year_int=\count504
\l__datatool_month_int=\count505
\l__datatool_day_int=\count506
\l__datatool_hour_int=\count507
\l__datatool_minute_int=\count508
\l__datatool_second_int=\count509
\l__datatool_tzhour_int=\count510
\l__datatool_tzminute_int=\count511
\l__datatool_julian_int=\count512
\l__datatool_local_julian_int=\count513
\l__datatool_prefix_int=\count514
\l__datatool_suffix_int=\count515
\@dtl@foreach@level=\count516
 (/usr/local/texlive/2025/texmf-dist/tex/latex/datatool-english/datatool-english.ldf
File: datatool-english.ldf 2025/03/01 v1.0 (NLCT)
 (/usr/local/texlive/2025/texmf-dist/tex/latex/datatool-english/datatool-english-utf8.ldf
File: datatool-english-utf8.ldf 2025/03/01 v1.0 (NLCT)
))
\dtl@codeA=\count517
\dtl@codeB=\count518
)
\gls@level=\count519
\@gls@tmpb=\toks58
\gls@tmplen=\skip97
\glskeylisttok=\toks59
\glslabeltok=\toks60
\glsshorttok=\toks61
\glslongtok=\toks62
 (/usr/local/texlive/2025/texmf-dist/tex/latex/glossaries/styles/glossary-hypernav.sty
Package: glossary-hypernav 2025/03/03 v4.56 (NLCT)
) (/usr/local/texlive/2025/texmf-dist/tex/latex/glossaries/styles/glossary-list.sty
Package: glossary-list 2025/03/03 v4.56 (NLCT)
\glslistdottedwidth=\skip98
) (/usr/local/texlive/2025/texmf-dist/tex/latex/glossaries/styles/glossary-long.sty
Package: glossary-long 2025/03/03 v4.56 (NLCT)
 (/usr/local/texlive/2025/texmf-dist/tex/latex/tools/longtable.sty
Package: longtable 2024-10-27 v4.22 Multi-page Table package (DPC)
\LTleft=\skip99
\LTright=\skip100
\LTpre=\skip101
\LTpost=\skip102
\LTchunksize=\count520
\LTcapwidth=\dimen337
\LT@head=\box76
\LT@firsthead=\box77
\LT@foot=\box78
\LT@lastfoot=\box79
\LT@gbox=\box80
\LT@cols=\count521
\LT@rows=\count522
\c@LT@tables=\count523
\c@LT@chunks=\count524
\LT@p@ftn=\toks63
)
\glsdescwidth=\skip103
\glspagelistwidth=\skip104
) (/usr/local/texlive/2025/texmf-dist/tex/latex/glossaries/styles/glossary-super.sty
Package: glossary-super 2025/03/03 v4.56 (NLCT)
 (/usr/local/texlive/2025/texmf-dist/tex/latex/supertabular/supertabular.sty
Package: supertabular 2024/07/20 v4.2c the supertabular environment
\c@tracingst=\count525
\ST@wd=\dimen338
\ST@rightskip=\skip105
\ST@leftskip=\skip106
\ST@parfillskip=\skip107
\ST@pageleft=\dimen339
\ST@headht=\dimen340
\ST@tailht=\dimen341
\ST@pagesofar=\dimen342
\ST@pboxht=\dimen343
\ST@rowht=\dimen344
\ST@prevht=\dimen345
\ST@toadd=\dimen346
\ST@dimen=\dimen347
\ST@pbox=\box81
)) (/usr/local/texlive/2025/texmf-dist/tex/latex/glossaries/styles/glossary-tree.sty
Package: glossary-tree 2025/03/03 v4.56 (NLCT)
\glstreeindent=\skip108
))) (/usr/local/texlive/2025/texmf-dist/tex/latex/jknapltx/mathrsfs.sty
Package: mathrsfs 1996/01/01 Math RSFS package v1.0 (jk)
\symrsfs=\mathgroup9
)
Package caption Info: Option `figurename' requires the `newfloat' package on input line 21.
 (/usr/local/texlive/2025/texmf-dist/tex/latex/newfloat/newfloat.sty
Package: newfloat 2023/10/01 v1.2 Defining new floating environments (AR)
Package newfloat Info: Unsupported document class, or \@chapter 
(newfloat)             was already redefined by another package.
Package newfloat Info: \@chapter = macro:->\def \Hy@next {\Hy@MakeCurrentHrefAuto {\Hy@chapapp *}\Hy@raisedlink {\hyper@anchorstart {\@currentHref }\hyper@anchorend }}\ifnum \c@secnumdepth >\m@ne \@ifundefined {if@mainmatter}\iftrue {\csname if@mainmatter\endcsname }\let \Hy@next \relax \fi \fi \Hy@next \Hy@org@chapter .
Package newfloat Info: \Hy@org@chapter = macro:[#1]#2->\NR@gettitle {#1}\NR@chapter [{#1}]{#2}.
Package newfloat Info: \algocf@original@chapter = undefined.
Package newfloat Info: `wrapfig' package detected.
) (/usr/local/texlive/2025/texmf-dist/tex/latex/fancyhdr/fancyhdr.sty
Package: fancyhdr 2025/02/07 v5.2 Extensive control of page headers and footers
\f@nch@headwidth=\skip109
\f@nch@offset@elh=\skip110
\f@nch@offset@erh=\skip111
\f@nch@offset@olh=\skip112
\f@nch@offset@orh=\skip113
\f@nch@offset@elf=\skip114
\f@nch@offset@erf=\skip115
\f@nch@offset@olf=\skip116
\f@nch@offset@orf=\skip117
\f@nch@height=\skip118
\f@nch@footalignment=\skip119
\f@nch@widthL=\skip120
\f@nch@widthC=\skip121
\f@nch@widthR=\skip122
\@temptokenb=\toks64
) (/usr/local/texlive/2025/texmf-dist/tex/latex/lastpage/lastpage.sty
Package: lastpage 2025/01/27 v2.1e lastpage: 2.09 or 2e? (HMM)
 (/usr/local/texlive/2025/texmf-dist/tex/latex/lastpage/lastpage2e.sty
Package: lastpage2e 2025/01/27 v2.1e Decide which 2e lastpage version to use (HMM)
 (/usr/local/texlive/2025/texmf-dist/tex/latex/lastpage/lastpagemodern.sty
Package: lastpagemodern 2025-01-27 v2.1e Refers to last page's name (HMM; JPG)
\c@lastpagecount=\count526
) 
))
Package csquotes Info: Checking for multilingual support...
Package csquotes Info: ... found 'babel' package.
Package csquotes Info: Adjusting default style.
Package csquotes Info: Redefining alias 'default' -> 'english'.
LaTeX Font Info:    Trying to load font information for T1+lmr on input line 36.
 (/usr/local/texlive/2025/texmf-dist/tex/latex/lm/t1lmr.fd
File: t1lmr.fd 2015/05/01 v1.6.1 Font defs for Latin Modern
) (./main.aux)
\openout1 = `main.aux'.

LaTeX Font Info:    Checking defaults for OML/cmm/m/it on input line 36.
LaTeX Font Info:    ... okay on input line 36.
LaTeX Font Info:    Checking defaults for OMS/cmsy/m/n on input line 36.
LaTeX Font Info:    ... okay on input line 36.
LaTeX Font Info:    Checking defaults for OT1/cmr/m/n on input line 36.
LaTeX Font Info:    ... okay on input line 36.
LaTeX Font Info:    Checking defaults for T1/cmr/m/n on input line 36.
LaTeX Font Info:    ... okay on input line 36.
LaTeX Font Info:    Checking defaults for TS1/cmr/m/n on input line 36.
LaTeX Font Info:    ... okay on input line 36.
LaTeX Font Info:    Checking defaults for OMX/cmex/m/n on input line 36.
LaTeX Font Info:    ... okay on input line 36.
LaTeX Font Info:    Checking defaults for U/cmr/m/n on input line 36.
LaTeX Font Info:    ... okay on input line 36.
LaTeX Font Info:    Checking defaults for PD1/pdf/m/n on input line 36.
LaTeX Font Info:    ... okay on input line 36.
LaTeX Font Info:    Checking defaults for PU/pdf/m/n on input line 36.
LaTeX Font Info:    ... okay on input line 36.
 (/usr/local/texlive/2025/texmf-dist/tex/context/base/mkii/supp-pdf.mkii
[Loading MPS to PDF converter (version 2006.09.02).]
\scratchcounter=\count527
\scratchdimen=\dimen348
\scratchbox=\box82
\nofMPsegments=\count528
\nofMParguments=\count529
\everyMPshowfont=\toks65
\MPscratchCnt=\count530
\MPscratchDim=\dimen349
\MPnumerator=\count531
\makeMPintoPDFobject=\count532
\everyMPtoPDFconversion=\toks66
) (/usr/local/texlive/2025/texmf-dist/tex/latex/epstopdf-pkg/epstopdf-base.sty
Package: epstopdf-base 2020-01-24 v2.11 Base part for package epstopdf
Package epstopdf-base Info: Redefining graphics rule for `.eps' on input line 485.
 (/usr/local/texlive/2025/texmf-dist/tex/latex/latexconfig/epstopdf-sys.cfg
File: epstopdf-sys.cfg 2010/07/13 v1.3 Configuration of (r)epstopdf for TeX Live
))
Package hyperref Info: Link coloring ON on input line 36.
 (./main.out) (./main.out)
\@outlinefile=\write5
\openout5 = `main.out'.

Package caption Info: Begin \AtBeginDocument code.
Package caption Info: longtable package is loaded.
 (/usr/local/texlive/2025/texmf-dist/tex/latex/caption/ltcaption.sty
Package: ltcaption 2021/01/08 v1.4c longtable captions (AR)
)
Package caption Info: supertabular package is loaded.
Package caption Info: End \AtBeginDocument code.

*geometry* driver: auto-detecting
*geometry* detected driver: pdftex
*geometry* verbose mode - [ preamble ] result:
* driver: pdftex
* paper: a4paper
* layout: <same size as paper>
* layoutoffset:(h,v)=(0.0pt,0.0pt)
* modes: 
* h-part:(L,W,R)=(85.35826pt, 441.01773pt, 71.13188pt)
* v-part:(T,H,B)=(85.35826pt, 674.33032pt, 85.35826pt)
* \paperwidth=597.50787pt
* \paperheight=845.04684pt
* \textwidth=441.01773pt
* \textheight=674.33032pt
* \oddsidemargin=13.08827pt
* \evensidemargin=13.08827pt
* \topmargin=-25.51173pt
* \headheight=13.6pt
* \headsep=25.0pt
* \topskip=11.0pt
* \footskip=30.0pt
* \marginparwidth=50.0pt
* \marginparsep=10.0pt
* \columnsep=10.0pt
* \skip\footins=10.0pt plus 4.0pt minus 2.0pt
* \hoffset=0.0pt
* \voffset=0.0pt
* \mag=1000
* \@twocolumnfalse
* \@twosidefalse
* \@mparswitchfalse
* \@reversemarginfalse
* (1in=72.27pt=25.4mm, 1cm=28.453pt)

Package biblatex Info: Trying to load language 'english'...
Package biblatex Info: ... file 'english.lbx' found.
(/usr/local/texlive/2025/texmf-dist/tex/latex/biblatex/lbx/english.lbx
File: english.lbx 2024/03/21 v3.20 biblatex localization (PK/MW)
)
Package biblatex Info: Input encoding 'utf8' detected.
Package biblatex Info: Automatic encoding selection.
(biblatex)             Assuming data encoding 'utf8'.
\openout4 = `main.bcf'.

Package biblatex Info: Trying to load bibliographic data...
Package biblatex Info: ... file 'main.bbl' found.
 (./main.bbl)
Package biblatex Info: Reference section=0 on input line 36.
Package biblatex Info: Reference segment=0 on input line 36.
Package newfloat Info: Trying Plan B...
Package newfloat Info: `float' package detected.
*geometry* verbose mode - [ newgeometry ] result:
* driver: pdftex
* paper: a4paper
* layout: <same size as paper>
* layoutoffset:(h,v)=(0.0pt,0.0pt)
* modes: 
* h-part:(L,W,R)=(72.26999pt, 452.9679pt, 72.26999pt)
* v-part:(T,H,B)=(72.26999pt, 700.50687pt, 72.26999pt)
* \paperwidth=597.50787pt
* \paperheight=845.04684pt
* \textwidth=452.9679pt
* \textheight=700.50687pt
* \oddsidemargin=0.0pt
* \evensidemargin=0.0pt
* \topmargin=-38.6pt
* \headheight=13.6pt
* \headsep=25.0pt
* \topskip=11.0pt
* \footskip=30.0pt
* \marginparwidth=50.0pt
* \marginparsep=10.0pt
* \columnsep=10.0pt
* \skip\footins=10.0pt plus 4.0pt minus 2.0pt
* \hoffset=0.0pt
* \voffset=0.0pt
* \mag=1000
* \@twocolumnfalse
* \@twosidefalse
* \@mparswitchfalse
* \@reversemarginfalse
* (1in=72.27pt=25.4mm, 1cm=28.453pt)

LaTeX Font Info:    Trying to load font information for OT1+lmr on input line 51.
 (/usr/local/texlive/2025/texmf-dist/tex/latex/lm/ot1lmr.fd
File: ot1lmr.fd 2015/05/01 v1.6.1 Font defs for Latin Modern
)
LaTeX Font Info:    Trying to load font information for OML+lmm on input line 51.
 (/usr/local/texlive/2025/texmf-dist/tex/latex/lm/omllmm.fd
File: omllmm.fd 2015/05/01 v1.6.1 Font defs for Latin Modern
)
LaTeX Font Info:    Trying to load font information for OMS+lmsy on input line 51.
 (/usr/local/texlive/2025/texmf-dist/tex/latex/lm/omslmsy.fd
File: omslmsy.fd 2015/05/01 v1.6.1 Font defs for Latin Modern
)
LaTeX Font Info:    Trying to load font information for OMX+lmex on input line 51.
 (/usr/local/texlive/2025/texmf-dist/tex/latex/lm/omxlmex.fd
File: omxlmex.fd 2015/05/01 v1.6.1 Font defs for Latin Modern
)
LaTeX Font Info:    External font `lmex10' loaded for size
(Font)              <10.95> on input line 51.
LaTeX Font Info:    External font `lmex10' loaded for size
(Font)              <8> on input line 51.
LaTeX Font Info:    External font `lmex10' loaded for size
(Font)              <6> on input line 51.
LaTeX Font Info:    Trying to load font information for U+msa on input line 51.
 (/usr/local/texlive/2025/texmf-dist/tex/latex/amsfonts/umsa.fd
File: umsa.fd 2013/01/14 v3.01 AMS symbols A
)
LaTeX Font Info:    Trying to load font information for U+msb on input line 51.
 (/usr/local/texlive/2025/texmf-dist/tex/latex/amsfonts/umsb.fd
File: umsb.fd 2013/01/14 v3.01 AMS symbols B
)
LaTeX Font Info:    Trying to load font information for U+rsfs on input line 51.
 (/usr/local/texlive/2025/texmf-dist/tex/latex/jknapltx/ursfs.fd
File: ursfs.fd 1998/03/24 rsfs font definition file (jk)
)
<images/logo/lascala.png, id=183, 687.56876pt x 222.8325pt>
File: images/logo/lascala.png Graphic file (type png)
<use images/logo/lascala.png>
Package pdftex.def Info: images/logo/lascala.png  used on input line 52.
(pdftex.def)             Requested size: 149.24074pt x 48.36958pt.
<images/logo/ijclab.jpg, id=185, 501.875pt x 379.4175pt>
File: images/logo/ijclab.jpg Graphic file (type jpg)
<use images/logo/ijclab.jpg>
Package pdftex.def Info: images/logo/ijclab.jpg  used on input line 53.
(pdftex.def)             Requested size: 63.97481pt x 48.36958pt.
<images/logo/LogoGANIL.png, id=186, 271.0125pt x 57.816pt>
File: images/logo/LogoGANIL.png Graphic file (type png)
<use images/logo/LogoGANIL.png>
Package pdftex.def Info: images/logo/LogoGANIL.png  used on input line 54.
(pdftex.def)             Requested size: 106.69933pt x 22.76228pt.
<images/logo/cnrs.png, id=187, 1204.5pt x 1204.5pt>
File: images/logo/cnrs.png Graphic file (type png)
<use images/logo/cnrs.png>
Package pdftex.def Info: images/logo/cnrs.png  used on input line 55.
(pdftex.def)             Requested size: 48.35558pt x 48.36958pt.
LaTeX Font Info:    External font `lmex10' loaded for size
(Font)              <12> on input line 85.
<images/logo/saclay.png, id=188, 178.68758pt x 80.76172pt>
File: images/logo/saclay.png Graphic file (type png)
<use images/logo/saclay.png>
Package pdftex.def Info: images/logo/saclay.png  used on input line 86.
(pdftex.def)             Requested size: 62.9533pt x 28.45274pt.
<images/logo/Uniroma1.svg.png, id=189, 3854.4pt x 1157.32375pt>
File: images/logo/Uniroma1.svg.png Graphic file (type png)
<use images/logo/Uniroma1.svg.png>
Package pdftex.def Info: images/logo/Uniroma1.svg.png  used on input line 87.
(pdftex.def)             Requested size: 94.74828pt x 28.45274pt.
<images/logo/szeged.png, id=190, 345.29pt x 146.5475pt>
File: images/logo/szeged.png Graphic file (type png)
<use images/logo/szeged.png>
Package pdftex.def Info: images/logo/szeged.png  used on input line 88.
(pdftex.def)             Requested size: 67.03886pt x 28.45274pt.
<images/logo/lund.png, id=191, 401.5pt x 200.75pt>
File: images/logo/lund.png Graphic file (type png)
<use images/logo/lund.png>
Package pdftex.def Info: images/logo/lund.png  used on input line 89.
(pdftex.def)             Requested size: 56.90189pt x 28.45274pt.
<images/logo/erasmus.png, id=192, 770.88pt x 220.57407pt>
File: images/logo/erasmus.png Graphic file (type png)
<use images/logo/erasmus.png>
Package pdftex.def Info: images/logo/erasmus.png  used on input line 90.
(pdftex.def)             Requested size: 99.42981pt x 28.45274pt.


[0


{/usr/local/texlive/2025/texmf-var/fonts/map/pdftex/updmap/pdftex.map}{/usr/local/texlive/2025/texmf-dist/fonts/enc/dvips/lm/lm-ec.enc} <./images/logo/lascala.png> <./images/logo/ijclab.jpg> <./images/logo/LogoGANIL.png> <./images/logo/cnrs.png> <./images/logo/saclay.png> <./images/logo/Uniroma1.svg.png> <./images/logo/szeged.png> <./images/logo/lund.png> <./images/logo/erasmus.png>] (./main.toc

[1

])
\tf@toc=\write6
\openout6 = `main.toc'.



[2]


pdfTeX warning (ext4): destination with the same identifier (name{page.1}) has been already used, duplicate ignored
<to be read again> 
                   \relax 
l.162 
       [1]


pdfTeX warning (ext4): destination with the same identifier (name{page.2}) has been already used, duplicate ignored
<to be read again> 
                   \relax 
l.175 
       [2{/usr/local/texlive/2025/texmf-dist/fonts/enc/dvips/lm/lm-mathit.enc}]

[3{/usr/local/texlive/2025/texmf-dist/fonts/enc/dvips/lm/lm-mathsy.enc}{/usr/local/texlive/2025/texmf-dist/fonts/enc/dvips/lm/lm-rm.enc}{/usr/local/texlive/2025/texmf-dist/fonts/enc/dvips/lm/lm-mathex.enc}]

[4]

[5]

[6]

[7]

[8]
LaTeX Font Info:    Trying to load font information for U+bbold on input line 490.
 (/usr/local/texlive/2025/texmf-dist/tex/latex/bbold/Ubbold.fd)

[9]

[10]

[11]

[12]

[13]

[14]

[15]

[16]

[17]

[18]

[19]
LaTeX Font Info:    Trying to load font information for T1+lmtt on input line 1071.
 (/usr/local/texlive/2025/texmf-dist/tex/latex/lm/t1lmtt.fd
File: t1lmtt.fd 2015/05/01 v1.6.1 Font defs for Latin Modern
)

[20]

[21]

[22]

[23]
<images/generated/sample_phase_space_projections.png, id=588, 874.467pt x 875.1897pt>
File: images/generated/sample_phase_space_projections.png Graphic file (type png)
<use images/generated/sample_phase_space_projections.png>
Package pdftex.def Info: images/generated/sample_phase_space_projections.png  used on input line 1272.
(pdftex.def)             Requested size: 405.7355pt x 406.07762pt.
<images/generated/sample_varying_kf.png, id=589, 1091.9997pt x 297.0297pt>
File: images/generated/sample_varying_kf.png Graphic file (type png)
<use images/generated/sample_varying_kf.png>
Package pdftex.def Info: images/generated/sample_varying_kf.png  used on input line 1284.
(pdftex.def)             Requested size: 418.96548pt x 113.9602pt.
<images/generated/lambda_k_variation.png, id=590, 1091.9997pt x 297.0297pt>
File: images/generated/lambda_k_variation.png Graphic file (type png)
<use images/generated/lambda_k_variation.png>
Package pdftex.def Info: images/generated/lambda_k_variation.png  used on input line 1306.
(pdftex.def)             Requested size: 361.63776pt x 98.36908pt.


[24]

[25 <./images/generated/sample_phase_space_projections.png>]

[26 <./images/generated/sample_varying_kf.png> <./images/generated/lambda_k_variation.png>]
<images/generated/parameter_space_mu.png, id=614, 875.1897pt x 586.1097pt>
File: images/generated/parameter_space_mu.png Graphic file (type png)
<use images/generated/parameter_space_mu.png>
Package pdftex.def Info: images/generated/parameter_space_mu.png  used on input line 1325.
(pdftex.def)             Requested size: 379.27551pt x 253.98978pt.


[27 <./images/generated/parameter_space_mu.png>]
File: images/generated/sample_varying_kf.png Graphic file (type png)
<use images/generated/sample_varying_kf.png>
Package pdftex.def Info: images/generated/sample_varying_kf.png  used on input line 1354.
(pdftex.def)             Requested size: 317.5333pt x 86.37207pt.
<images/generated/line_pred_truth_xsuite.png, id=624, 875.1897pt x 369.2997pt>
File: images/generated/line_pred_truth_xsuite.png Graphic file (type png)
<use images/generated/line_pred_truth_xsuite.png>
Package pdftex.def Info: images/generated/line_pred_truth_xsuite.png  used on input line 1371.
(pdftex.def)             Requested size: 388.09775pt x 163.76024pt.


[28 <./images/generated/line_pred_truth_xsuite.png>]
<images/generated/training_pycolleff.png, id=634, 875.1897pt x 369.2997pt>
File: images/generated/training_pycolleff.png Graphic file (type png)
<use images/generated/training_pycolleff.png>
Package pdftex.def Info: images/generated/training_pycolleff.png  used on input line 1384.
(pdftex.def)             Requested size: 388.09775pt x 163.76024pt.


[29 <./images/generated/training_pycolleff.png>]

[30]

[31]
Underfull \hbox (badness 2884) in paragraph at lines 1439--1439
[]\T1/lmr/m/n/10.95 Jing Liu et al. \T1/lmr/m/it/10.95 A Sur-vey on Dif-fu-sion Mod-els for Anomaly De-tec-tion\T1/lmr/m/n/10.95 . en.
 []



[32]

[33]
LaTeX Font Info:    External font `lmex10' loaded for size
(Font)              <9> on input line 1526.
LaTeX Font Info:    External font `lmex10' loaded for size
(Font)              <5> on input line 1526.


[34]

[35]

[36]
Package hyperref Info: bookmark level for unknown algorithm defaults to 0 on input line 1675.


[37]

[38]

Package glossaries Warning: No \printnoidxglossary or \printnoidxglossaries
 found. (Remove \makenoidxglossaries if you don't want any glossaries.)
This document will not have a glossary.



[39] 
enddocument/afterlastpage (AED): lastpage setting LastPage.
(./main.aux)
 ***********
LaTeX2e <2024-11-01> patch level 2
L3 programming layer <2025-01-18>
 ***********
Package rerunfilecheck Info: File `main.out' has not changed.
(rerunfilecheck)             Checksum: 2BE676F9700C08D838832EDCC71A4176;10026.
Package logreq Info: Writing requests to 'main.run.xml'.
\openout1 = `main.run.xml'.

 ) 
Here is how much of TeX's memory you used:
 43188 strings out of 473190
 829778 string characters out of 5715799
 1749698 words of memory out of 5000000
 65462 multiletter control sequences out of 15000+600000
 663700 words of font info for 119 fonts, out of 8000000 for 9000
 1141 hyphenation exceptions out of 8191
 107i,17n,110p,2571b,2500s stack positions out of 10000i,1000n,20000p,200000b,200000s
</usr/local/texlive/2025/texmf-dist/fonts/type1/public/bbold-type1/bbold10.pfb></usr/local/texlive/2025/texmf-dist/fonts/type1/public/bbold-type1/bbold7.pfb></usr/local/texlive/2025/texmf-dist/fonts/type1/public/lm/lmbx10.pfb></usr/local/texlive/2025/texmf-dist/fonts/type1/public/lm/lmbx12.pfb></usr/local/texlive/2025/texmf-dist/fonts/type1/public/lm/lmcsc10.pfb></usr/local/texlive/2025/texmf-dist/fonts/type1/public/lm/lmex10.pfb></usr/local/texlive/2025/texmf-dist/fonts/type1/public/lm/lmmi10.pfb></usr/local/texlive/2025/texmf-dist/fonts/type1/public/lm/lmmi6.pfb></usr/local/texlive/2025/texmf-dist/fonts/type1/public/lm/lmmi8.pfb></usr/local/texlive/2025/texmf-dist/fonts/type1/public/lm/lmmi9.pfb></usr/local/texlive/2025/texmf-dist/fonts/type1/public/lm/lmmib10.pfb></usr/local/texlive/2025/texmf-dist/fonts/type1/public/lm/lmr10.pfb></usr/local/texlive/2025/texmf-dist/fonts/type1/public/lm/lmr12.pfb></usr/local/texlive/2025/texmf-dist/fonts/type1/public/lm/lmr17.pfb></usr/local/texlive/2025/texmf-dist/fonts/type1/public/lm/lmr6.pfb></usr/local/texlive/2025/texmf-dist/fonts/type1/public/lm/lmr8.pfb></usr/local/texlive/2025/texmf-dist/fonts/type1/public/lm/lmr9.pfb></usr/local/texlive/2025/texmf-dist/fonts/type1/public/lm/lmri10.pfb></usr/local/texlive/2025/texmf-dist/fonts/type1/public/lm/lmsy10.pfb></usr/local/texlive/2025/texmf-dist/fonts/type1/public/lm/lmsy6.pfb></usr/local/texlive/2025/texmf-dist/fonts/type1/public/lm/lmsy8.pfb></usr/local/texlive/2025/texmf-dist/fonts/type1/public/lm/lmtt10.pfb>
Output written on main.pdf (42 pages, 1644344 bytes).
PDF statistics:
 991 PDF objects out of 1000 (max. 8388607)
 860 compressed objects within 9 object streams
 299 named destinations out of 1000 (max. 500000)
 440 words of extra memory for PDF output out of 10000 (max. 10000000)

