\BOOKMARK [1][-]{section.1}{\376\377\000I\000n\000t\000r\000o\000d\000u\000c\000t\000i\000o\000n}{}% 1
\BOOKMARK [1][-]{section.2}{\376\377\000S\000t\000a\000t\000e\000\040\000o\000f\000\040\000t\000h\000e\000\040\000a\000r\000t\000\040\000a\000n\000d\000\040\000m\000e\000t\000h\000o\000d\000o\000l\000o\000g\000y}{}% 2
\BOOKMARK [2][-]{subsection.2.1}{\376\377\000W\000a\000k\000e\000f\000i\000e\000l\000d\000s\000,\000\040\000i\000m\000p\000e\000d\000a\000n\000c\000e\000\040\000a\000n\000d\000\040\000c\000o\000l\000l\000e\000c\000t\000i\000v\000e\000\040\000e\000f\000f\000e\000c\000t\000s\000\040\000i\000n\000\040\000p\000a\000r\000t\000i\000c\000l\000e\000\040\000a\000c\000c\000e\000l\000e\000r\000a\000t\000o\000r\000s}{section.2}% 3
\BOOKMARK [3][-]{subsubsection.2.1.1}{\376\377\000T\000h\000e\000o\000r\000e\000t\000i\000c\000a\000l\000\040\000a\000s\000p\000e\000c\000t\000s}{subsection.2.1}% 4
\BOOKMARK [4][-]{paragraph.2.1.1.1}{\376\377\000W\000a\000k\000e\000\040\000f\000u\000n\000c\000t\000i\000o\000n\000s\000\040\000a\000s\000\040\000G\000r\000e\000e\000n\000\040\000f\000u\000n\000c\000t\000i\000o\000n\000s\000.}{subsubsection.2.1.1}% 5
\BOOKMARK [4][-]{paragraph.2.1.1.2}{\376\377\000I\000m\000p\000e\000d\000a\000n\000c\000e\000\040\000f\000o\000r\000m\000a\000l\000i\000s\000m\000.}{subsubsection.2.1.1}% 6
\BOOKMARK [4][-]{paragraph.2.1.1.3}{\376\377\000H\000a\000m\000i\000l\000t\000o\000n\000i\000a\000n\000\040\000l\000o\000n\000g\000i\000t\000u\000d\000i\000n\000a\000l\000\040\000d\000y\000n\000a\000m\000i\000c\000s\000\040\000w\000i\000t\000h\000o\000u\000t\000\040\000d\000i\000s\000s\000i\000p\000a\000t\000i\000o\000n\000.}{subsubsection.2.1.1}% 7
\BOOKMARK [4][-]{paragraph.2.1.1.4}{\376\377\000V\000l\000a\000s\000o\000v\000-\000F\000o\000k\000k\000e\000r\000-\000P\000l\000a\000n\000c\000k\000\040\000e\000q\000u\000a\000t\000i\000o\000n\000.}{subsubsection.2.1.1}% 8
\BOOKMARK [4][-]{paragraph.2.1.1.5}{\376\377\000S\000t\000a\000t\000i\000o\000n\000a\000r\000y\000\040\000G\000a\000u\000s\000s\000i\000a\000n\000\040\000i\000n\000\040\000t\000h\000e\000\040\000n\000o\000-\000w\000a\000k\000e\000\040\000l\000i\000m\000i\000t\000.}{subsubsection.2.1.1}% 9
\BOOKMARK [4][-]{paragraph.2.1.1.6}{\376\377\000H\000a\000\357\000s\000s\000i\000n\000s\000k\000i\000\040\000e\000q\000u\000a\000t\000i\000o\000n\000.}{subsubsection.2.1.1}% 10
\BOOKMARK [4][-]{paragraph.2.1.1.7}{\376\377\000P\000h\000y\000s\000i\000c\000a\000l\000\040\000c\000o\000n\000s\000e\000q\000u\000e\000n\000c\000e\000s\000\040\000d\000e\000r\000i\000v\000e\000d\000\040\000f\000r\000o\000m\000\040\000H\000a\000\357\000s\000s\000i\000n\000s\000k\000i\000.}{subsubsection.2.1.1}% 11
\BOOKMARK [2][-]{subsection.2.2}{\376\377\000C\000o\000l\000l\000e\000c\000t\000i\000v\000e\000\040\000i\000n\000s\000t\000a\000b\000i\000l\000i\000t\000i\000e\000s}{section.2}% 12
\BOOKMARK [2][-]{subsection.2.3}{\376\377\000M\000a\000c\000h\000i\000n\000e\000\040\000l\000e\000a\000r\000n\000i\000n\000g\000\040\000f\000o\000r\000\040\000s\000u\000r\000r\000o\000g\000a\000t\000e\000\040\000m\000o\000d\000e\000l\000i\000n\000g\000\040\000o\000f\000\040\000c\000o\000l\000l\000e\000c\000t\000i\000v\000e\000\040\000e\000f\000f\000e\000c\000t\000s}{section.2}% 13
\BOOKMARK [3][-]{subsubsection.2.3.1}{\376\377\000H\000e\000n\000o\000n\000N\000e\000t\000s}{subsection.2.3}% 14
\BOOKMARK [3][-]{subsubsection.2.3.2}{\376\377\000P\000h\000a\000s\000e\000-\000s\000p\000a\000c\000e\000\040\000t\000o\000m\000o\000g\000r\000a\000p\000h\000y\000\040\000r\000e\000c\000o\000n\000s\000t\000r\000u\000c\000t\000i\000o\000n}{subsection.2.3}% 15
\BOOKMARK [3][-]{subsubsection.2.3.3}{\376\377\000N\000e\000u\000r\000a\000l\000\040\000o\000p\000e\000r\000a\000t\000o\000r\000s}{subsection.2.3}% 16
\BOOKMARK [4][-]{paragraph.2.3.3.1}{\376\377\000\040\000S\000t\000a\000t\000i\000o\000n\000a\000r\000y\000\040\000l\000o\000n\000g\000i\000t\000u\000d\000i\000n\000a\000l\000\040\000p\000r\000o\000f\000i\000l\000e\000\040\000l\000e\000a\000r\000n\000i\000n\000g\000.}{subsubsection.2.3.3}% 17
\BOOKMARK [4][-]{paragraph.2.3.3.2}{\376\377\000\040\000T\000i\000m\000e\000-\000d\000e\000p\000e\000n\000d\000e\000n\000t\000\040\000d\000e\000n\000s\000i\000t\000y\000\040\000e\000v\000o\000l\000u\000t\000i\000o\000n\000.}{subsubsection.2.3.3}% 18
\BOOKMARK [4][-]{paragraph.2.3.3.3}{\376\377\000\040\000O\000b\000s\000e\000r\000v\000a\000b\000l\000e\000\040\000o\000p\000e\000r\000a\000t\000o\000r\000\040\000l\000e\000a\000r\000n\000i\000n\000g\000.}{subsubsection.2.3.3}% 19
\BOOKMARK [4][-]{paragraph.2.3.3.4}{\376\377\000\040\000T\000r\000a\000n\000s\000v\000e\000r\000s\000e\000\040\000c\000o\000l\000l\000e\000c\000t\000i\000v\000e\000\040\000s\000u\000r\000r\000o\000g\000a\000t\000e\000.}{subsubsection.2.3.3}% 20
\BOOKMARK [2][-]{subsection.2.4}{\376\377\000S\000u\000m\000m\000a\000r\000y}{section.2}% 21
\BOOKMARK [2][-]{subsection.2.5}{\376\377\000L\000e\000a\000r\000n\000i\000n\000g\000\040\000p\000a\000r\000a\000m\000e\000t\000e\000r\000i\000z\000e\000d\000\040\000t\000r\000a\000n\000s\000p\000o\000r\000t\000\040\000a\000n\000d\000\040\000c\000o\000l\000l\000e\000c\000t\000i\000v\000e\000\040\000o\000p\000e\000r\000a\000t\000o\000r\000s\000\040\000f\000o\000r\000\040\000b\000e\000a\000m\000\040\000d\000y\000n\000a\000m\000i\000c\000s}{section.2}% 22
\BOOKMARK [3][-]{paragraph.2.5.0.1}{\376\377\000C\000o\000n\000t\000i\000n\000u\000u\000m\000\040\000f\000o\000r\000m\000u\000l\000a\000t\000i\000o\000n\000.}{subsection.2.5}% 23
\BOOKMARK [4][-]{paragraph.2.5.0.2}{\376\377\000S\000t\000e\000a\000d\000y\000\040\000s\000t\000a\000t\000e\000\040\000a\000s\000\040\000a\000\040\000f\000i\000x\000e\000d\000\040\000p\000o\000i\000n\000t\000.}{paragraph.2.5.0.1}% 24
\BOOKMARK [3][-]{subsubsection.2.5.1}{\376\377\000O\000p\000e\000r\000a\000t\000o\000r\000-\000l\000e\000a\000r\000n\000i\000n\000g\000\040\000f\000o\000r\000m\000u\000l\000a\000t\000i\000o\000n}{subsection.2.5}% 25
\BOOKMARK [3][-]{subsubsection.2.5.2}{\376\377\000F\000o\000u\000r\000i\000e\000r\000\040\000n\000e\000u\000r\000a\000l\000\040\000o\000p\000e\000r\000a\000t\000o\000r\000\040\000s\000p\000e\000c\000i\000a\000l\000i\000z\000a\000t\000i\000o\000n}{subsection.2.5}% 26
\BOOKMARK [3][-]{subsubsection.2.5.3}{\376\377\000D\000a\000t\000a\000\040\000r\000e\000p\000r\000e\000s\000e\000n\000t\000a\000t\000i\000o\000n\000\040\000a\000n\000d\000\040\000d\000i\000s\000c\000r\000e\000t\000i\000z\000a\000t\000i\000o\000n}{subsection.2.5}% 27
\BOOKMARK [3][-]{subsubsection.2.5.4}{\376\377\000D\000a\000t\000a\000-\000g\000e\000n\000e\000r\000a\000t\000i\000o\000n\000\040\000s\000t\000r\000a\000t\000e\000g\000y\000\040\000w\000i\000t\000h\000\040\000X\000s\000u\000i\000t\000e}{subsection.2.5}% 28
\BOOKMARK [3][-]{subsubsection.2.5.5}{\376\377\000L\000e\000a\000r\000n\000i\000n\000g\000\040\000o\000b\000j\000e\000c\000t\000i\000v\000e\000s}{subsection.2.5}% 29
\BOOKMARK [3][-]{subsubsection.2.5.6}{\376\377\000K\000e\000y\000\040\000t\000h\000e\000o\000r\000e\000t\000i\000c\000a\000l\000\040\000g\000u\000a\000r\000a\000n\000t\000e\000e\000s}{subsection.2.5}% 30
\BOOKMARK [3][-]{subsubsection.2.5.7}{\376\377\000P\000e\000r\000f\000o\000r\000m\000a\000n\000c\000e\000\040\000i\000n\000d\000i\000c\000a\000t\000o\000r\000s\000\040\000a\000n\000d\000\040\000v\000a\000l\000i\000d\000a\000t\000i\000o\000n}{subsection.2.5}% 31
\BOOKMARK [4][-]{paragraph.2.5.7.1}{\376\377\000P\000o\000i\000n\000t\000-\000m\000a\000p\000\040\000f\000i\000d\000e\000l\000i\000t\000y\000.}{subsubsection.2.5.7}% 32
\BOOKMARK [4][-]{paragraph.2.5.7.2}{\376\377\000D\000i\000s\000t\000r\000i\000b\000u\000t\000i\000o\000n\000\040\000f\000i\000d\000e\000l\000i\000t\000y\000.}{subsubsection.2.5.7}% 33
\BOOKMARK [4][-]{paragraph.2.5.7.3}{\376\377\000B\000e\000a\000m\000-\000p\000h\000y\000s\000i\000c\000s\000\040\000o\000b\000s\000e\000r\000v\000a\000b\000l\000e\000s\000.}{subsubsection.2.5.7}% 34
\BOOKMARK [4][-]{paragraph.2.5.7.4}{\376\377\000S\000t\000r\000u\000c\000t\000u\000r\000e\000\040\000p\000r\000e\000s\000e\000r\000v\000a\000t\000i\000o\000n\000.}{subsubsection.2.5.7}% 35
\BOOKMARK [4][-]{paragraph.2.5.7.5}{\376\377\000V\000a\000l\000i\000d\000a\000t\000i\000o\000n\000\040\000t\000e\000s\000t\000s\000.}{subsubsection.2.5.7}% 36
\BOOKMARK [3][-]{subsubsection.2.5.8}{\376\377\000R\000e\000c\000o\000m\000m\000e\000n\000d\000e\000d\000\040\000s\000t\000a\000g\000e\000d\000\040\000d\000e\000p\000l\000o\000y\000m\000e\000n\000t}{subsection.2.5}% 37
\BOOKMARK [4][-]{paragraph.2.5.8.1}{\376\377\000S\000t\000a\000g\000e\000\040\0001\000:\000\040\000p\000a\000r\000a\000m\000e\000t\000e\000r\000i\000z\000e\000d\000\040\000p\000o\000i\000n\000t\000\040\000m\000a\000p\000.}{subsubsection.2.5.8}% 38
\BOOKMARK [4][-]{paragraph.2.5.8.2}{\376\377\000S\000t\000a\000g\000e\000\040\0002\000:\000\040\000r\000e\000d\000u\000c\000e\000d\000\040\000o\000p\000e\000r\000a\000t\000o\000r\000.}{subsubsection.2.5.8}% 39
\BOOKMARK [4][-]{paragraph.2.5.8.3}{\376\377\000S\000t\000a\000g\000e\000\040\0003\000:\000\040\000l\000e\000a\000r\000n\000e\000d\000\040\000c\000o\000l\000l\000e\000c\000t\000i\000v\000e\000\040\000c\000l\000o\000s\000u\000r\000e\000.}{subsubsection.2.5.8}% 40
\BOOKMARK [4][-]{paragraph.2.5.8.4}{\376\377\000S\000t\000a\000g\000e\000\040\0004\000:\000\040\000s\000e\000c\000t\000i\000o\000n\000w\000i\000s\000e\000\040\000c\000o\000m\000p\000o\000s\000i\000t\000i\000o\000n\000\040\000a\000n\000d\000\040\000e\000q\000u\000i\000l\000i\000b\000r\000i\000u\000m\000.}{subsubsection.2.5.8}% 41
\BOOKMARK [4][-]{paragraph.2.5.8.5}{\376\377\000S\000u\000m\000m\000a\000r\000y\000.}{subsubsection.2.5.8}% 42
\BOOKMARK [2][-]{subsection.2.6}{\376\377\000I\000l\000l\000u\000s\000t\000r\000a\000t\000i\000v\000e\000\040\000g\000e\000n\000e\000r\000a\000t\000e\000d\000\040\000s\000a\000m\000p\000l\000e\000s\000\040\000a\000n\000d\000\040\000f\000i\000r\000s\000t\000\040\000b\000a\000s\000e\000l\000i\000n\000e\000\040\000r\000e\000s\000u\000l\000t\000s}{section.2}% 43
\BOOKMARK [3][-]{subsubsection.2.6.1}{\376\377\000R\000e\000p\000r\000e\000s\000e\000n\000t\000a\000t\000i\000v\000e\000\040\000p\000h\000a\000s\000e\000-\000s\000p\000a\000c\000e\000\040\000p\000r\000o\000j\000e\000c\000t\000i\000o\000n\000s}{subsection.2.6}% 44
\BOOKMARK [3][-]{subsubsection.2.6.2}{\376\377\000R\000e\000d\000u\000c\000e\000d\000\040\000l\000o\000n\000g\000i\000t\000u\000d\000i\000n\000a\000l\000\040\000r\000e\000p\000r\000e\000s\000e\000n\000t\000a\000t\000i\000o\000n}{subsection.2.6}% 45
\BOOKMARK [3][-]{subsubsection.2.6.3}{\376\377\000C\000o\000v\000e\000r\000a\000g\000e\000\040\000o\000f\000\040\000t\000h\000e\000\040\000s\000a\000m\000p\000l\000e\000d\000\040\000p\000a\000r\000a\000m\000e\000t\000e\000r\000\040\000s\000p\000a\000c\000e}{subsection.2.6}% 46
\BOOKMARK [3][-]{subsubsection.2.6.4}{\376\377\000F\000i\000r\000s\000t\000\040\000b\000a\000s\000e\000l\000i\000n\000e\000\040\000r\000e\000s\000u\000l\000t\000s}{subsection.2.6}% 47
\BOOKMARK [4][-]{paragraph.2.6.4.1}{\376\377\000T\000r\000a\000i\000n\000i\000n\000g\000\040\000c\000u\000r\000v\000e\000s\000.}{subsubsection.2.6.4}% 48
\BOOKMARK [4][-]{paragraph.2.6.4.2}{\376\377\000P\000r\000e\000d\000i\000c\000t\000i\000o\000n\000\040\000v\000e\000r\000s\000u\000s\000\040\000r\000e\000f\000e\000r\000e\000n\000c\000e\000\040\000p\000r\000o\000f\000i\000l\000e\000s\000.}{subsubsection.2.6.4}% 49
\BOOKMARK [4][-]{paragraph.2.6.4.3}{\376\377\000Q\000u\000a\000n\000t\000i\000t\000a\000t\000i\000v\000e\000\040\000s\000u\000m\000m\000a\000r\000y\000.}{subsubsection.2.6.4}% 50
\BOOKMARK [1][-]{section.3}{\376\377\000C\000o\000n\000c\000l\000u\000s\000i\000o\000n\000\040\000e\000t\000\040\000p\000e\000r\000s\000p\000e\000c\000t\000i\000v\000e\000s}{}% 51
\BOOKMARK [1][-]{appendix.A}{\376\377\000A\000n\000n\000e\000x\000e}{}% 52
\BOOKMARK [2][-]{subsection.A.1}{\376\377\000P\000a\000r\000a\000m\000e\000t\000r\000i\000z\000e\000d\000\040\000H\000\351\000n\000o\000n\000\040\000M\000a\000p\000s}{appendix.A}% 53
\BOOKMARK [2][-]{subsection.A.2}{\376\377\000R\000e\000c\000o\000n\000s\000t\000r\000u\000c\000t\000i\000o\000n\000\040\000o\000f\000\040\000t\000h\000e\000\040\000L\000o\000n\000g\000i\000t\000u\000d\000i\000n\000a\000l\000\040\000W\000a\000k\000e\000\040\000F\000u\000n\000c\000t\000i\000o\000n\000\040\000f\000r\000o\000m\000\040\000H\000a\000\357\000s\000s\000i\000n\000s\000k\000i\000\040\000P\000r\000o\000f\000i\000l\000e\000s}{appendix.A}% 54
\BOOKMARK [3][-]{subsubsection.A.2.1}{\376\377\000D\000a\000t\000a\000s\000e\000t}{subsection.A.2}% 55
