Traceback (most recent call last):
  File "/pbs/home/s/smartinez/ML4CollEffects/scripts/run_generate_parallel.py", line 10, in <module>
    from data_generator_pycolleff import (
  File "/pbs/home/s/smartinez/ML4CollEffects/scripts/data_generator_pycolleff.py", line 594, in <module>
    mu = sample_mu(rng, param_ranges)
  File "/pbs/home/s/smartinez/miniconda3/envs/xsuite-py310/lib/python3.10/site-packages/numba/core/dispatcher.py", line 424, in _compile_for_args
    error_rewrite(e, 'typing')
  File "/pbs/home/s/smartinez/miniconda3/envs/xsuite-py310/lib/python3.10/site-packages/numba/core/dispatcher.py", line 365, in error_rewrite
    raise e.with_traceback(None)
numba.core.errors.TypingError: Failed in nopython mode pipeline (step: nopython frontend)
non-precise type pyobject
During: typing of argument at /pbs/home/s/smartinez/ML4CollEffects/scripts/data_generator_pycolleff.py (145)

File "scripts/data_generator_pycolleff.py", line 145:
def normalize_density(z: np.ndarray, lam: np.ndarray) -> np.ndarray:
    <source elided>

@njit
^

During: Pass nopython_type_inference 

This error may have been caused by the following argument(s):
- argument 1: Cannot determine Numba type of <class 'data_generator_pycolleff.ParameterRanges'>

srun: error: ccwslurm2058: task 0: Exited with exit code 1
