[Parallel(n_jobs=16)]: Using backend LokyBackend with 16 concurrent workers.
[Parallel(n_jobs=16)]: Done   9 tasks      | elapsed:  5.0min
[Parallel(n_jobs=16)]: Done  18 tasks      | elapsed:  6.3min
[Parallel(n_jobs=16)]: Done  29 tasks      | elapsed:  9.8min
[Parallel(n_jobs=16)]: Done  40 tasks      | elapsed: 12.3min
[Parallel(n_jobs=16)]: Done  53 tasks      | elapsed: 14.8min
[Parallel(n_jobs=16)]: Done  66 tasks      | elapsed: 19.3min
[Parallel(n_jobs=16)]: Done  81 tasks      | elapsed: 22.7min
[Parallel(n_jobs=16)]: Done  96 tasks      | elapsed: 25.5min
[Parallel(n_jobs=16)]: Done 113 tasks      | elapsed: 29.1min
[Parallel(n_jobs=16)]: Done 130 tasks      | elapsed: 33.7min
[Parallel(n_jobs=16)]: Done 149 tasks      | elapsed: 38.4min
[Parallel(n_jobs=16)]: Done 168 tasks      | elapsed: 43.1min
[Parallel(n_jobs=16)]: Done 189 tasks      | elapsed: 48.6min
[Parallel(n_jobs=16)]: Done 210 tasks      | elapsed: 54.0min
[Parallel(n_jobs=16)]: Done 233 tasks      | elapsed: 59.5min
[Parallel(n_jobs=16)]: Done 256 tasks      | elapsed: 65.9min
[Parallel(n_jobs=16)]: Done 281 tasks      | elapsed: 71.6min
[Parallel(n_jobs=16)]: Done 306 tasks      | elapsed: 78.0min
[Parallel(n_jobs=16)]: Done 333 tasks      | elapsed: 85.4min
[Parallel(n_jobs=16)]: Done 360 tasks      | elapsed: 91.7min
[Parallel(n_jobs=16)]: Done 389 tasks      | elapsed: 99.5min
[Parallel(n_jobs=16)]: Done 418 tasks      | elapsed: 106.8min
[Parallel(n_jobs=16)]: Done 449 tasks      | elapsed: 114.0min
[Parallel(n_jobs=16)]: Done 480 tasks      | elapsed: 122.4min
[Parallel(n_jobs=16)]: Done 513 tasks      | elapsed: 131.0min
[Parallel(n_jobs=16)]: Done 546 tasks      | elapsed: 139.2min
[Parallel(n_jobs=16)]: Done 581 tasks      | elapsed: 148.5min
[Parallel(n_jobs=16)]: Done 616 tasks      | elapsed: 158.4min
[Parallel(n_jobs=16)]: Done 653 tasks      | elapsed: 168.3min
[Parallel(n_jobs=16)]: Done 690 tasks      | elapsed: 178.9min
[Parallel(n_jobs=16)]: Done 729 tasks      | elapsed: 189.9min
[Parallel(n_jobs=16)]: Done 768 tasks      | elapsed: 201.4min
[Parallel(n_jobs=16)]: Done 809 tasks      | elapsed: 213.7min
[Parallel(n_jobs=16)]: Done 850 tasks      | elapsed: 226.3min
[Parallel(n_jobs=16)]: Done 893 tasks      | elapsed: 239.7min
[Parallel(n_jobs=16)]: Done 936 tasks      | elapsed: 251.5min
[Parallel(n_jobs=16)]: Done 981 tasks      | elapsed: 264.9min
[Parallel(n_jobs=16)]: Done 1024 out of 1024 | elapsed: 278.1min finished
